[2022-11-22T16:46:57.664] [INFO] default - ruta '/' metodo 'GET'
[2022-11-22T16:46:57.750] [INFO] default - ruta '/login' metodo 'GET'
[2022-11-22T16:47:05.667] [INFO] default - ruta '/' metodo 'GET'
[2022-11-22T16:47:05.748] [INFO] default - ruta '/login' metodo 'GET'
[2022-11-22T16:47:09.387] [INFO] default - ruta '/logout?' metodo 'GET'
[2022-11-22T16:47:11.437] [INFO] default - ruta '/' metodo 'GET'
[2022-11-22T16:47:14.152] [INFO] default - ruta '/' metodo 'GET'
[2022-11-22T16:47:14.758] [INFO] default - ruta '/' metodo 'GET'
[2022-11-22T16:47:15.445] [INFO] default - ruta '/' metodo 'GET'
[2022-11-22T16:47:16.181] [INFO] default - ruta '/' metodo 'GET'
[2022-11-22T16:53:40.656] [INFO] default - ruta '/' metodo 'GET'
[2022-11-22T16:55:45.068] [INFO] default - ruta '/info/' metodo 'GET'
[2022-11-22T19:28:04.388] [INFO] default - ruta '/' metodo 'GET'
[2022-11-22T19:28:36.585] [INFO] default - ruta '/signup' metodo 'GET'
[2022-11-22T19:29:20.782] [INFO] default - ruta '/signup' metodo 'GET'
[2022-11-22T19:30:19.964] [INFO] default - ruta '/signup' metodo 'GET'
[2022-11-22T19:30:23.751] [INFO] default - ruta '/' metodo 'GET'
[2022-11-22T19:30:44.781] [INFO] default - ruta '/' metodo 'POST'
[2022-11-22T19:32:14.489] [INFO] default - ruta '/' metodo 'GET'
[2022-11-22T19:32:17.562] [INFO] default - ruta '/' metodo 'POST'
[2022-11-22T19:32:44.126] [INFO] default - ruta '/' metodo 'GET'
[2022-11-22T19:32:47.361] [INFO] default - ruta '/' metodo 'POST'
[2022-11-22T19:33:55.411] [INFO] default - ruta '/' metodo 'GET'
[2022-11-22T19:33:55.496] [INFO] default - ruta '/' metodo 'GET'
[2022-11-22T19:34:38.792] [INFO] default - ruta '/' metodo 'GET'
[2022-11-22T19:35:06.571] [INFO] default - ruta '/' metodo 'GET'
[2022-11-22T19:35:06.655] [INFO] default - ruta '/' metodo 'GET'
[2022-11-22T19:35:49.768] [INFO] default - ruta '/' metodo 'GET'
[2022-11-22T19:36:19.651] [INFO] default - ruta '/' metodo 'GET'
[2022-11-22T19:36:24.593] [INFO] default - ruta '/' metodo 'GET'
[2022-11-22T19:36:34.560] [INFO] default - ruta '/' metodo 'GET'
[2022-11-22T19:36:34.639] [INFO] default - ruta '/' metodo 'GET'
[2022-11-22T19:39:43.767] [INFO] default - ruta '/' metodo 'GET'
[2022-11-22T19:39:43.867] [INFO] default - ruta '/' metodo 'GET'
[2022-11-22T19:40:45.954] [INFO] default - ruta '/' metodo 'GET'
[2022-11-22T19:40:50.543] [INFO] default - ruta '/' metodo 'POST'
[2022-11-22T19:41:09.580] [INFO] default - ruta '/' metodo 'GET'
[2022-11-22T19:43:10.245] [INFO] default - ruta '/' metodo 'GET'
[2022-11-22T19:43:19.141] [INFO] default - ruta '/' metodo 'POST'
[2022-11-22T19:43:21.396] [INFO] default - ruta '/' metodo 'GET'
[2022-11-22T19:43:21.473] [INFO] default - ruta '/' metodo 'GET'
[2022-11-22T19:45:02.701] [INFO] default - ruta '/' metodo 'GET'
[2022-11-22T19:45:05.447] [INFO] default - ruta '/' metodo 'GET'
[2022-11-22T19:45:07.523] [INFO] default - ruta '/' metodo 'POST'
[2022-11-22T19:45:14.248] [INFO] default - ruta '/' metodo 'GET'
[2022-11-22T19:45:14.331] [INFO] default - ruta '/' metodo 'GET'
[2022-11-22T19:47:13.397] [INFO] default - ruta '/' metodo 'GET'
[2022-11-22T19:48:07.199] [INFO] default - ruta '/' metodo 'GET'
[2022-11-22T19:48:09.974] [INFO] default - ruta '/' metodo 'POST'
[2022-11-22T19:48:16.467] [INFO] default - ruta '/' metodo 'GET'
[2022-11-22T19:48:16.547] [INFO] default - ruta '/' metodo 'GET'
[2022-11-22T19:49:11.608] [INFO] default - ruta '/' metodo 'GET'
[2022-11-22T19:54:18.565] [INFO] default - ruta '/' metodo 'GET'
[2022-11-22T19:54:47.436] [INFO] default - ruta '/' metodo 'GET'
[2022-11-22T19:54:51.487] [INFO] default - ruta '/' metodo 'GET'
[2022-11-22T19:54:53.601] [INFO] default - ruta '/' metodo 'POST'
[2022-11-22T19:55:00.375] [INFO] default - ruta '/' metodo 'GET'
[2022-11-22T19:55:00.452] [INFO] default - ruta '/' metodo 'GET'
[2022-11-22T19:56:00.247] [INFO] default - ruta '/' metodo 'GET'
[2022-11-22T19:56:34.401] [INFO] default - ruta '/' metodo 'GET'
[2022-11-22T19:56:34.480] [INFO] default - ruta '/' metodo 'GET'
[2022-11-22T19:56:36.692] [INFO] default - ruta '/logout?' metodo 'GET'
[2022-11-22T19:56:38.714] [INFO] default - ruta '/' metodo 'GET'
[2022-11-22T19:56:40.574] [INFO] default - ruta '/' metodo 'GET'
[2022-11-22T19:56:41.917] [INFO] default - ruta '/signup' metodo 'GET'
[2022-11-22T19:59:11.793] [INFO] default - ruta '/signup' metodo 'GET'
[2022-11-22T19:59:33.480] [INFO] default - ruta '/signup' metodo 'POST'
[2022-11-22T20:00:20.046] [INFO] default - ruta '/' metodo 'POST'
[2022-11-22T20:00:43.435] [INFO] default - ruta '/' metodo 'GET'
[2022-11-22T20:01:05.500] [INFO] default - ruta '/info/' metodo 'GET'
[2022-11-22T20:01:07.558] [INFO] default - ruta '/' metodo 'GET'
[2022-11-22T20:01:07.640] [INFO] default - ruta '/' metodo 'GET'
[2022-11-22T20:01:10.930] [INFO] default - ruta '/logout?' metodo 'GET'
[2022-11-22T20:01:12.970] [INFO] default - ruta '/' metodo 'GET'
[2022-11-22T20:01:14.554] [INFO] default - ruta '/signup' metodo 'GET'
[2022-11-22T20:01:31.895] [INFO] default - ruta '/signup' metodo 'POST'
[2022-11-22T20:03:40.639] [INFO] default - ruta '/' metodo 'GET'
[2022-11-22T20:03:40.713] [INFO] default - ruta '/' metodo 'GET'
[2022-11-22T20:03:47.068] [INFO] default - ruta '/' metodo 'GET'
[2022-11-22T20:07:15.630] [INFO] default - ruta '/' metodo 'GET'
[2022-11-22T20:07:24.464] [INFO] default - ruta '/' metodo 'GET'
[2022-11-22T20:07:31.241] [INFO] default - ruta '/' metodo 'GET'
[2022-11-22T20:07:42.451] [INFO] default - ruta '/' metodo 'GET'
[2022-11-22T20:07:45.315] [INFO] default - ruta '/' metodo 'POST'
[2022-11-22T20:07:51.757] [INFO] default - ruta '/' metodo 'GET'
[2022-11-22T20:07:51.835] [INFO] default - ruta '/' metodo 'GET'
[2022-11-22T20:08:05.817] [INFO] default - ruta '/' metodo 'GET'
[2022-11-22T20:08:05.893] [INFO] default - ruta '/' metodo 'GET'
[2022-11-22T20:08:17.986] [INFO] default - ruta '/logout?' metodo 'GET'
[2022-11-22T20:08:20.018] [INFO] default - ruta '/' metodo 'GET'
[2022-11-22T20:11:31.070] [INFO] default - ruta '/' metodo 'GET'
[2022-11-22T20:11:45.965] [INFO] default - ruta '/' metodo 'POST'
[2022-11-22T20:13:30.733] [INFO] default - ruta '/' metodo 'GET'
[2022-11-22T20:14:09.292] [INFO] default - ruta '/' metodo 'POST'
[2022-11-22T20:16:14.849] [INFO] default - ruta '/' metodo 'GET'
[2022-11-22T20:16:22.489] [INFO] default - ruta '/' metodo 'POST'
[2022-11-22T20:16:38.321] [INFO] default - ruta '/' metodo 'GET'
[2022-11-22T20:16:45.459] [INFO] default - ruta '/' metodo 'POST'
[2022-11-22T20:20:13.631] [INFO] default - ruta '/' metodo 'GET'
[2022-11-22T20:22:18.699] [INFO] default - ruta '/' metodo 'GET'
[2022-11-22T20:22:18.781] [INFO] default - ruta '/' metodo 'GET'
[2022-11-22T20:24:44.013] [INFO] default - ruta '/' metodo 'GET'
[2022-11-22T20:24:52.774] [INFO] default - ruta '/' metodo 'POST'
[2022-11-22T20:30:41.256] [INFO] default - ruta '/' metodo 'GET'
[2022-11-22T20:31:04.772] [INFO] default - ruta '/' metodo 'POST'
[2022-11-22T20:32:19.874] [INFO] default - ruta '/' metodo 'GET'
[2022-11-22T20:32:26.761] [INFO] default - ruta '/' metodo 'POST'
[2022-11-22T20:35:02.657] [INFO] default - ruta '/' metodo 'GET'
[2022-11-22T20:35:25.645] [INFO] default - ruta '/30/productos/3' metodo 'POST'
[2022-11-22T20:35:33.017] [INFO] default - ruta '/30/productos/3' metodo 'DELETE'
[2022-11-22T20:35:47.715] [INFO] default - ruta '/signup' metodo 'GET'
[2022-11-22T20:36:08.333] [INFO] default - ruta '/signup' metodo 'POST'
[2022-11-22T20:36:26.110] [INFO] default - ruta '/' metodo 'GET'
[2022-11-22T20:36:26.189] [INFO] default - ruta '/' metodo 'GET'
[2022-11-22T20:36:55.541] [INFO] default - ruta '/' metodo 'GET'
[2022-11-22T20:37:10.187] [INFO] default - ruta '/31/productos/3' metodo 'DELETE'
[2022-11-22T20:37:14.034] [INFO] default - ruta '/' metodo 'GET'
[2022-11-22T20:38:03.477] [INFO] default - ruta '/' metodo 'GET'
[2022-11-22T20:38:04.714] [INFO] default - ruta '/' metodo 'GET'
[2022-11-22T20:38:10.471] [INFO] default - ruta '/31/productos/3' metodo 'DELETE'
[2022-11-22T20:38:25.708] [INFO] default - ruta '/' metodo 'GET'
[2022-11-22T20:38:25.787] [INFO] default - ruta '/' metodo 'GET'
[2022-11-22T20:38:37.368] [INFO] default - ruta '/' metodo 'GET'
[2022-11-22T20:44:10.594] [INFO] default - ruta '/' metodo 'GET'
[2022-11-22T20:44:10.685] [INFO] default - ruta '/' metodo 'GET'
[2022-11-22T20:44:43.105] [INFO] default - ruta '/' metodo 'GET'
[2022-11-22T20:44:43.190] [INFO] default - ruta '/' metodo 'GET'
[2022-11-22T20:44:44.819] [INFO] default - ruta '/' metodo 'GET'
[2022-11-22T20:44:44.901] [INFO] default - ruta '/' metodo 'GET'
[2022-11-22T20:44:55.520] [INFO] default - ruta '/' metodo 'GET'
[2022-11-22T20:45:00.010] [INFO] default - ruta '/31/productos/3' metodo 'DELETE'
[2022-11-22T20:45:01.898] [INFO] default - ruta '/31/productos/3' metodo 'DELETE'
[2022-11-22T20:45:02.651] [INFO] default - ruta '/31/productos/3' metodo 'DELETE'
[2022-11-22T20:45:12.797] [INFO] default - ruta '/31/productos/3' metodo 'POST'
[2022-11-22T20:45:15.676] [INFO] default - ruta '/' metodo 'GET'
[2022-11-22T20:45:16.676] [INFO] default - ruta '/' metodo 'POST'
[2022-11-22T20:45:23.226] [INFO] default - ruta '/' metodo 'GET'
[2022-11-22T20:45:23.311] [INFO] default - ruta '/' metodo 'GET'
[2022-11-22T20:52:51.092] [INFO] default - ruta '/' metodo 'GET'
[2022-11-22T20:52:57.022] [INFO] default - ruta '/' metodo 'GET'
[2022-11-22T20:52:57.105] [INFO] default - ruta '/' metodo 'GET'
[2022-11-22T20:52:58.674] [INFO] default - ruta '/info/' metodo 'GET'
[2022-11-22T20:52:59.778] [INFO] default - ruta '/' metodo 'GET'
[2022-11-22T20:52:59.861] [INFO] default - ruta '/' metodo 'GET'
[2022-11-22T20:53:00.987] [INFO] default - ruta '/' metodo 'GET'
[2022-11-22T20:53:04.694] [INFO] default - ruta '/' metodo 'GET'
[2022-11-22T20:53:04.775] [INFO] default - ruta '/' metodo 'GET'
[2022-11-22T20:53:06.273] [INFO] default - ruta '/' metodo 'GET'
[2022-11-22T20:53:08.446] [INFO] default - ruta '/' metodo 'GET'
[2022-11-22T20:53:08.528] [INFO] default - ruta '/' metodo 'GET'
[2022-11-22T20:53:10.121] [INFO] default - ruta '/info/' metodo 'GET'
[2022-11-22T20:53:11.474] [INFO] default - ruta '/' metodo 'GET'
[2022-11-22T20:53:11.556] [INFO] default - ruta '/' metodo 'GET'
[2022-11-22T20:57:32.747] [INFO] default - ruta '/' metodo 'GET'
[2022-11-22T20:57:32.836] [INFO] default - ruta '/' metodo 'GET'
[2022-11-22T20:58:15.616] [INFO] default - ruta '/' metodo 'GET'
[2022-11-22T20:58:41.512] [INFO] default - ruta '/' metodo 'GET'
[2022-11-22T20:58:43.383] [INFO] default - ruta '/' metodo 'GET'
[2022-11-22T20:59:00.462] [INFO] default - ruta '/' metodo 'GET'
[2022-11-22T20:59:55.866] [INFO] default - ruta '/' metodo 'GET'
[2022-11-22T21:00:01.041] [INFO] default - ruta '/' metodo 'GET'
[2022-11-22T21:00:04.311] [INFO] default - ruta '/' metodo 'GET'
[2022-11-22T21:00:04.400] [INFO] default - ruta '/' metodo 'GET'
[2022-11-22T21:00:37.184] [INFO] default - ruta '/' metodo 'GET'
[2022-11-22T21:08:38.450] [INFO] default - ruta '/' metodo 'GET'
[2022-11-22T21:08:38.540] [INFO] default - ruta '/' metodo 'GET'
[2022-11-22T21:09:39.914] [INFO] default - ruta '/' metodo 'GET'
[2022-11-22T21:10:34.328] [INFO] default - ruta '/' metodo 'GET'
[2022-11-22T21:10:34.418] [INFO] default - ruta '/' metodo 'GET'
[2022-11-22T21:12:20.637] [INFO] default - ruta '/' metodo 'GET'
[2022-11-22T21:12:29.157] [INFO] default - ruta '/' metodo 'GET'
[2022-11-22T21:12:33.399] [INFO] default - ruta '/' metodo 'GET'
[2022-11-22T21:12:33.486] [INFO] default - ruta '/' metodo 'GET'
[2022-11-22T21:15:08.322] [INFO] default - ruta '/' metodo 'GET'
[2022-11-22T21:15:37.761] [INFO] default - ruta '/' metodo 'GET'
[2022-11-22T21:15:43.441] [INFO] default - ruta '/' metodo 'GET'
[2022-11-22T21:16:32.784] [INFO] default - ruta '/' metodo 'GET'
[2022-11-22T21:16:56.503] [INFO] default - ruta '/' metodo 'GET'
[2022-11-22T21:16:57.646] [INFO] default - ruta '/' metodo 'GET'
[2022-11-22T21:16:57.779] [INFO] default - ruta '/' metodo 'GET'
[2022-11-22T21:16:58.027] [INFO] default - ruta '/' metodo 'GET'
[2022-11-22T21:16:58.243] [INFO] default - ruta '/' metodo 'GET'
[2022-11-22T21:16:58.488] [INFO] default - ruta '/' metodo 'GET'
[2022-11-22T21:16:58.710] [INFO] default - ruta '/' metodo 'GET'
[2022-11-22T21:25:04.805] [INFO] default - ruta '/' metodo 'GET'
[2022-11-22T21:25:09.422] [INFO] default - ruta '/' metodo 'GET'
[2022-11-22T21:25:11.126] [INFO] default - ruta '/' metodo 'GET'
[2022-11-22T21:25:11.209] [INFO] default - ruta '/' metodo 'GET'
[2022-11-22T21:25:13.555] [INFO] default - ruta '/logout?' metodo 'GET'
[2022-11-22T21:25:15.614] [INFO] default - ruta '/' metodo 'GET'
[2022-11-22T21:25:28.217] [INFO] default - ruta '/' metodo 'POST'
[2022-11-22T21:25:54.737] [INFO] default - ruta '/' metodo 'GET'
[2022-11-22T21:26:05.527] [INFO] default - ruta '/' metodo 'GET'
[2022-11-22T21:26:07.876] [INFO] default - ruta '/' metodo 'POST'
[2022-11-22T21:26:34.469] [INFO] default - ruta '/' metodo 'POST'
[2022-11-22T21:26:41.895] [INFO] default - ruta '/' metodo 'GET'
[2022-11-22T21:26:41.987] [INFO] default - ruta '/' metodo 'GET'
[2022-11-22T21:28:43.048] [INFO] default - ruta '/' metodo 'GET'
[2022-11-23T14:56:03.075] [INFO] default - ruta '/' metodo 'GET'
[2022-11-23T14:56:03.164] [INFO] default - ruta '/' metodo 'GET'
[2022-11-23T14:56:07.823] [INFO] default - ruta '/logout?' metodo 'GET'
[2022-11-23T14:56:09.861] [INFO] default - ruta '/' metodo 'GET'
[2022-11-23T14:56:12.659] [INFO] default - ruta '/' metodo 'GET'
[2022-11-23T14:56:17.268] [INFO] default - ruta '/' metodo 'POST'
[2022-11-23T14:56:22.335] [INFO] default - ruta '/' metodo 'GET'
[2022-11-23T14:56:26.217] [INFO] default - ruta '/' metodo 'GET'
[2022-11-23T14:56:27.560] [INFO] default - ruta '/' metodo 'GET'
[2022-11-23T14:56:27.645] [INFO] default - ruta '/' metodo 'GET'
[2022-11-23T14:56:29.401] [INFO] default - ruta '/info/' metodo 'GET'
[2022-11-23T14:56:31.388] [INFO] default - ruta '/' metodo 'GET'
[2022-11-23T14:56:31.471] [INFO] default - ruta '/' metodo 'GET'
[2022-11-23T14:56:32.453] [INFO] default - ruta '/logout?' metodo 'GET'
[2022-11-23T14:56:34.491] [INFO] default - ruta '/' metodo 'GET'
[2022-11-23T14:56:43.484] [INFO] default - ruta '/signup' metodo 'GET'
[2022-11-23T14:57:10.658] [INFO] default - ruta '/signup' metodo 'POST'
[2022-11-23T14:57:32.146] [INFO] default - ruta '/' metodo 'GET'
[2022-11-23T14:57:32.230] [INFO] default - ruta '/' metodo 'GET'
[2022-11-23T14:57:35.223] [INFO] default - ruta '/' metodo 'GET'
[2022-11-23T14:57:39.884] [INFO] default - ruta '/info/' metodo 'GET'
[2022-11-23T14:57:41.168] [INFO] default - ruta '/' metodo 'GET'
[2022-11-23T14:57:41.251] [INFO] default - ruta '/' metodo 'GET'
[2022-11-23T14:57:43.643] [INFO] default - ruta '/logout?' metodo 'GET'
[2022-11-23T14:57:45.669] [INFO] default - ruta '/' metodo 'GET'
[2022-11-23T18:03:14.242] [INFO] default - ruta '/' metodo 'GET'
[2022-11-23T18:03:14.258] [INFO] default - ruta '/' metodo 'GET'
[2022-11-23T18:03:14.266] [INFO] default - ruta '/' metodo 'GET'
[2022-11-23T18:03:14.274] [INFO] default - ruta '/' metodo 'GET'
[2022-11-23T18:03:14.282] [INFO] default - ruta '/' metodo 'GET'
[2022-11-23T18:03:14.290] [INFO] default - ruta '/' metodo 'GET'
[2022-11-23T18:03:14.297] [INFO] default - ruta '/' metodo 'GET'
[2022-11-23T18:03:14.305] [INFO] default - ruta '/' metodo 'GET'
[2022-11-23T18:03:14.311] [INFO] default - ruta '/' metodo 'GET'
[2022-11-23T18:03:14.319] [INFO] default - ruta '/' metodo 'GET'
[2022-11-23T18:03:15.370] [INFO] default - ruta '/' metodo 'GET'
[2022-11-23T18:03:15.383] [INFO] default - ruta '/' metodo 'GET'
[2022-11-23T18:03:15.391] [INFO] default - ruta '/' metodo 'GET'
[2022-11-23T18:03:15.400] [INFO] default - ruta '/' metodo 'GET'
[2022-11-23T18:03:15.408] [INFO] default - ruta '/' metodo 'GET'
[2022-11-23T18:03:15.417] [INFO] default - ruta '/' metodo 'GET'
[2022-11-23T18:03:15.425] [INFO] default - ruta '/' metodo 'GET'
[2022-11-23T18:03:15.439] [INFO] default - ruta '/' metodo 'GET'
[2022-11-23T18:03:15.445] [INFO] default - ruta '/' metodo 'GET'
[2022-11-23T18:03:15.452] [INFO] default - ruta '/' metodo 'GET'
[2022-11-23T18:03:20.476] [INFO] default - ruta '/' metodo 'GET'
[2022-11-23T18:03:20.486] [INFO] default - ruta '/' metodo 'GET'
[2022-11-23T18:03:20.493] [INFO] default - ruta '/' metodo 'GET'
[2022-11-23T18:03:20.501] [INFO] default - ruta '/' metodo 'GET'
[2022-11-23T18:03:20.509] [INFO] default - ruta '/' metodo 'GET'
[2022-11-23T18:03:20.518] [INFO] default - ruta '/' metodo 'GET'
[2022-11-23T18:03:20.528] [INFO] default - ruta '/' metodo 'GET'
[2022-11-23T18:03:20.537] [INFO] default - ruta '/' metodo 'GET'
[2022-11-23T18:03:20.544] [INFO] default - ruta '/' metodo 'GET'
[2022-11-23T18:03:20.551] [INFO] default - ruta '/' metodo 'GET'
[2022-11-23T18:03:42.159] [INFO] default - ruta '/' metodo 'GET'
[2022-11-23T18:04:44.731] [INFO] default - ruta '/failogin' metodo 'GET'
[2022-11-23T18:04:46.771] [INFO] default - ruta '/' metodo 'GET'
[2022-11-23T18:06:24.270] [INFO] default - ruta '/' metodo 'GET'
[2022-11-23T18:06:33.635] [INFO] default - ruta '/login/failogin' metodo 'GET'
[2022-11-23T18:06:35.682] [INFO] default - ruta '/' metodo 'GET'
[2022-11-23T18:24:01.057] [INFO] default - ruta '/login/' metodo 'POST'
[2022-11-23T18:24:04.579] [INFO] default - ruta '/api/carrito/' metodo 'GET'
[2022-11-23T18:25:42.663] [INFO] default - ruta '/' metodo 'GET'
[2022-11-23T18:25:42.745] [INFO] default - ruta '/login/' metodo 'GET'
[2022-11-23T18:25:45.680] [INFO] default - ruta '/' metodo 'GET'
[2022-11-23T18:25:45.758] [INFO] default - ruta '/login/' metodo 'GET'
[2022-11-23T18:25:47.160] [INFO] default - ruta '/login/logout?' metodo 'GET'
[2022-11-23T18:25:49.195] [INFO] default - ruta '/' metodo 'GET'
[2022-11-23T18:25:51.972] [INFO] default - ruta '/login/' metodo 'POST'
[2022-11-23T18:25:53.599] [INFO] default - ruta '/api/carrito/' metodo 'GET'
[2022-11-23T18:25:55.292] [INFO] default - ruta '/login/logout?' metodo 'GET'
[2022-11-23T18:25:57.344] [INFO] default - ruta '/' metodo 'GET'
[2022-12-05T16:14:36.543] [INFO] default - ruta '/' metodo 'GET'
[2022-12-05T16:14:41.017] [INFO] default - ruta '/login/' metodo 'POST'
[2022-12-05T16:17:52.102] [INFO] default - ruta '/info/' metodo 'GET'
[2022-12-05T16:17:53.295] [INFO] default - ruta '/' metodo 'GET'
[2022-12-05T16:17:53.381] [INFO] default - ruta '/login/' metodo 'GET'
[2022-12-05T16:17:54.383] [INFO] default - ruta '/api/carrito/' metodo 'GET'
[2022-12-05T16:17:58.074] [INFO] default - ruta '/' metodo 'GET'
[2022-12-05T16:17:58.196] [INFO] default - ruta '/login/' metodo 'GET'
[2022-12-05T16:19:46.978] [INFO] default - ruta '/login/failogin' metodo 'GET'
[2022-12-05T16:28:41.644] [INFO] default - ruta '/api/productos/' metodo 'GET'
[2022-12-05T16:29:39.261] [INFO] default - ruta '/api/productos/' metodo 'GET'
[2022-12-05T16:30:06.214] [INFO] default - ruta '/api/productos/' metodo 'GET'
[2022-12-05T16:30:14.910] [INFO] default - ruta '/api/productos/' metodo 'GET'
[2022-12-05T16:31:00.423] [INFO] default - ruta '/api/productos/' metodo 'GET'
[2022-12-05T16:31:21.716] [INFO] default - ruta '/api/productos/' metodo 'GET'
[2022-12-05T16:33:36.379] [INFO] default - ruta '/login/' metodo 'POST'
[2022-12-05T16:34:27.981] [INFO] default - ruta '/api/productos/' metodo 'POST'
[2022-12-05T16:34:42.643] [INFO] default - ruta '/api/productos/' metodo 'POST'
[2022-12-05T16:34:51.300] [INFO] default - ruta '/api/productos/' metodo 'POST'
[2022-12-05T16:35:00.903] [INFO] default - ruta '/api/productos/' metodo 'GET'
[2022-12-05T16:36:01.342] [INFO] default - ruta '/api/productos/' metodo 'POST'
[2022-12-05T16:36:06.635] [INFO] default - ruta '/login/' metodo 'GET'
[2022-12-05T16:39:35.896] [INFO] default - ruta '/api/productos/6' metodo 'PUT'
[2022-12-05T16:40:39.384] [INFO] default - ruta '/api/productos/6' metodo 'PUT'
[2022-12-05T16:45:15.992] [INFO] default - ruta '/api/productos/' metodo 'POST'
[2022-12-05T16:45:26.785] [INFO] default - ruta '/login/' metodo 'GET'
[2022-12-05T16:46:23.509] [INFO] default - ruta '/api/productos/' metodo 'POST'
[2022-12-05T17:00:39.634] [INFO] default - ruta '/' metodo 'GET'
[2022-12-05T17:00:39.721] [INFO] default - ruta '/login/' metodo 'GET'
[2022-12-05T17:03:52.235] [INFO] default - ruta '/login/' metodo 'GET'
[2022-12-05T17:03:54.440] [INFO] default - ruta '/api/carrito/' metodo 'GET'
[2022-12-05T17:04:55.211] [INFO] default - ruta '/api/carrito/' metodo 'GET'
[2022-12-05T17:20:31.198] [INFO] default - ruta '/api/productos/' metodo 'POST'
[2022-12-05T17:21:48.489] [INFO] default - ruta '/api/productos/' metodo 'POST'
[2022-12-05T17:22:35.089] [INFO] default - ruta '/api/productos/' metodo 'POST'
[2022-12-05T17:22:40.512] [INFO] default - ruta '/api/productos/' metodo 'POST'
[2022-12-05T17:23:00.027] [INFO] default - ruta '/api/productos/' metodo 'POST'
[2022-12-05T17:23:49.901] [INFO] default - ruta '/api/productos/6' metodo 'PUT'
[2022-12-05T18:03:38.141] [INFO] default - ruta '/' metodo 'GET'
[2022-12-05T18:03:43.544] [INFO] default - ruta '/login/' metodo 'POST'
[2022-12-05T18:03:48.157] [INFO] default - ruta '/api/carrito/' metodo 'GET'
[2022-12-05T18:03:50.857] [INFO] default - ruta '/api/carrito/' metodo 'GET'
[2022-12-05T18:05:02.992] [INFO] default - ruta '/api/carrito/' metodo 'GET'
[2022-12-05T18:05:05.495] [INFO] default - ruta '/' metodo 'GET'
[2022-12-05T18:05:05.586] [INFO] default - ruta '/login/' metodo 'GET'
[2022-12-05T18:15:31.543] [INFO] default - ruta '/' metodo 'GET'
[2022-12-05T18:15:31.631] [INFO] default - ruta '/login/' metodo 'GET'
[2022-12-05T18:15:34.380] [INFO] default - ruta '/login/logout?' metodo 'GET'
[2022-12-05T18:15:36.441] [INFO] default - ruta '/' metodo 'GET'
[2022-12-05T18:15:38.318] [INFO] default - ruta '/login/signup' metodo 'GET'
[2022-12-05T18:15:44.305] [INFO] default - ruta '/login/signup' metodo 'GET'
[2022-12-05T18:16:05.041] [INFO] default - ruta '/login/signup' metodo 'POST'
[2022-12-05T18:16:14.009] [INFO] default - ruta '/' metodo 'GET'
[2022-12-05T18:16:14.095] [INFO] default - ruta '/login/' metodo 'GET'
[2022-12-05T18:16:16.526] [INFO] default - ruta '/api/carrito/' metodo 'GET'
[2022-12-05T18:16:19.675] [INFO] default - ruta '/' metodo 'GET'
[2022-12-05T18:16:19.762] [INFO] default - ruta '/login/' metodo 'GET'
[2022-12-05T18:21:51.146] [INFO] default - ruta '/login/' metodo 'GET'
[2022-12-05T18:21:51.207] [INFO] default - ruta '/login/' metodo 'GET'
[2022-12-05T18:21:55.449] [INFO] default - ruta '/api/carrito/' metodo 'GET'
[2022-12-05T18:21:57.525] [INFO] default - ruta '/' metodo 'GET'
[2022-12-05T18:21:57.630] [INFO] default - ruta '/login/' metodo 'GET'
[2022-12-05T18:21:58.628] [INFO] default - ruta '/api/carrito/' metodo 'GET'
[2022-12-05T18:22:23.411] [INFO] default - ruta '/api/carrito/33/productos/6' metodo 'POST'
[2022-12-05T18:28:52.369] [INFO] default - ruta '/api/carrito/33/productos/6' metodo 'POST'
[2022-12-05T18:29:43.470] [INFO] default - ruta '/api/productos/' metodo 'GET'
[2022-12-05T18:31:32.132] [INFO] default - ruta '/api/carrito/' metodo 'GET'
[2022-12-05T18:32:17.758] [INFO] default - ruta '/api/productos/6' metodo 'GET'
[2022-12-05T18:32:35.104] [INFO] default - ruta '/api/productos/6' metodo 'PUT'
[2022-12-05T18:32:41.664] [INFO] default - ruta '/' metodo 'GET'
[2022-12-05T18:32:41.750] [INFO] default - ruta '/login/' metodo 'GET'
[2022-12-05T18:33:01.689] [INFO] default - ruta '/api/carrito/' metodo 'GET'
[2022-12-05T18:33:03.943] [INFO] default - ruta '/' metodo 'GET'
[2022-12-05T18:33:04.029] [INFO] default - ruta '/login/' metodo 'GET'
[2022-12-05T18:33:06.274] [INFO] default - ruta '/' metodo 'GET'
[2022-12-05T18:33:06.358] [INFO] default - ruta '/login/' metodo 'GET'
[2022-12-05T18:33:07.243] [INFO] default - ruta '/' metodo 'GET'
[2022-12-05T18:33:07.328] [INFO] default - ruta '/login/' metodo 'GET'
[2022-12-05T18:33:08.698] [INFO] default - ruta '/info/' metodo 'GET'
[2022-12-05T18:33:09.950] [INFO] default - ruta '/' metodo 'GET'
[2022-12-05T18:33:10.032] [INFO] default - ruta '/login/' metodo 'GET'
[2022-12-05T18:42:35.271] [INFO] default - ruta '/api/carrito/33/productos/6' metodo 'POST'
[2022-12-05T18:42:40.599] [INFO] default - ruta '/api/carrito/33/productos/3' metodo 'POST'
[2022-12-05T18:42:49.954] [INFO] default - ruta '/api/carrito/33/productos/1' metodo 'POST'
[2022-12-05T18:42:57.314] [INFO] default - ruta '/api/carrito/33/productos/1' metodo 'DELETE'
[2022-12-05T18:43:48.181] [INFO] default - ruta '/' metodo 'GET'
[2022-12-05T18:43:48.262] [INFO] default - ruta '/login/' metodo 'GET'
[2022-12-05T18:44:11.992] [INFO] default - ruta '/login/' metodo 'GET'
[2022-12-05T18:44:15.149] [INFO] default - ruta '/login/' metodo 'GET'
[2022-12-05T18:44:52.479] [INFO] default - ruta '/login/' metodo 'GET'
[2022-12-05T18:44:53.901] [INFO] default - ruta '/login/logout?' metodo 'GET'
[2022-12-05T18:44:55.942] [INFO] default - ruta '/' metodo 'GET'
[2022-12-05T18:45:04.674] [INFO] default - ruta '/login/failogin' metodo 'GET'
[2022-12-05T18:45:06.711] [INFO] default - ruta '/' metodo 'GET'
[2022-12-05T18:45:13.474] [INFO] default - ruta '/login/failogin' metodo 'GET'
[2022-12-05T18:45:15.520] [INFO] default - ruta '/' metodo 'GET'
[2022-12-05T18:45:52.105] [INFO] default - ruta '/login/' metodo 'POST'
[2022-12-05T18:47:49.979] [INFO] default - ruta '/' metodo 'GET'
[2022-12-05T18:47:50.076] [INFO] default - ruta '/login/' metodo 'GET'
[2022-12-05T18:49:03.785] [INFO] default - ruta '/login/' metodo 'GET'
[2022-12-05T18:49:19.300] [INFO] default - ruta '/' metodo 'GET'
[2022-12-05T18:49:19.391] [INFO] default - ruta '/login/' metodo 'GET'
[2022-12-05T18:50:19.809] [INFO] default - ruta '/' metodo 'GET'
[2022-12-05T18:50:24.430] [INFO] default - ruta '/login/' metodo 'POST'
[2022-12-05T18:52:25.300] [INFO] default - ruta '/login/' metodo 'GET'
[2022-12-05T18:54:05.986] [INFO] default - ruta '/login/' metodo 'GET'
[2022-12-05T19:01:13.572] [INFO] default - ruta '/login/' metodo 'GET'
[2022-12-05T19:02:07.937] [INFO] default - ruta '/login/' metodo 'GET'
[2022-12-05T19:02:15.506] [INFO] default - ruta '/' metodo 'GET'
[2022-12-05T19:02:15.591] [INFO] default - ruta '/login/' metodo 'GET'
[2022-12-05T19:02:20.387] [INFO] default - ruta '/login/' metodo 'GET'
[2022-12-05T19:03:59.493] [INFO] default - ruta '/login/' metodo 'GET'
[2022-12-05T19:04:31.137] [INFO] default - ruta '/' metodo 'GET'
[2022-12-05T19:04:31.223] [INFO] default - ruta '/login/' metodo 'GET'
[2022-12-05T19:11:19.254] [INFO] default - ruta '/login/' metodo 'GET'
[2022-12-05T19:13:29.718] [INFO] default - ruta '/login/' metodo 'GET'
[2022-12-05T19:13:37.906] [INFO] default - ruta '/api/carrito/' metodo 'GET'
[2022-12-05T19:13:43.088] [INFO] default - ruta '/' metodo 'GET'
[2022-12-05T19:13:43.168] [INFO] default - ruta '/login/' metodo 'GET'
[2022-12-05T19:14:23.600] [INFO] default - ruta '/' metodo 'GET'
[2022-12-05T19:14:23.683] [INFO] default - ruta '/login/' metodo 'GET'
[2022-12-05T19:14:39.271] [INFO] default - ruta '/login/' metodo 'GET'
[2022-12-05T19:16:00.678] [INFO] default - ruta '/login/' metodo 'GET'
[2022-12-05T19:16:29.772] [INFO] default - ruta '/login/' metodo 'GET'
[2022-12-05T19:16:42.529] [INFO] default - ruta '/login/' metodo 'GET'
[2022-12-05T19:17:08.301] [INFO] default - ruta '/login/' metodo 'GET'
[2022-12-05T19:17:16.804] [INFO] default - ruta '/login/' metodo 'GET'
[2022-12-05T19:20:18.960] [INFO] default - ruta '/login/' metodo 'GET'
[2022-12-05T19:20:27.289] [INFO] default - ruta '/api/carrito/' metodo 'GET'
[2022-12-05T19:20:30.467] [INFO] default - ruta '/' metodo 'GET'
[2022-12-05T19:20:30.555] [INFO] default - ruta '/login/' metodo 'GET'
[2022-12-05T19:20:32.798] [INFO] default - ruta '/api/carrito/' metodo 'GET'
[2022-12-05T19:20:34.844] [INFO] default - ruta '/' metodo 'GET'
[2022-12-05T19:20:34.931] [INFO] default - ruta '/login/' metodo 'GET'
[2022-12-05T19:20:38.938] [INFO] default - ruta '/api/carrito/' metodo 'GET'
[2022-12-05T19:26:14.771] [INFO] default - ruta '/' metodo 'GET'
[2022-12-05T19:26:14.853] [INFO] default - ruta '/login/' metodo 'GET'
[2022-12-05T19:26:19.619] [INFO] default - ruta '/' metodo 'GET'
[2022-12-05T19:26:19.698] [INFO] default - ruta '/login/' metodo 'GET'
[2022-12-05T19:26:37.106] [INFO] default - ruta '/' metodo 'GET'
[2022-12-05T19:26:37.192] [INFO] default - ruta '/login/' metodo 'GET'
[2022-12-05T19:26:38.537] [INFO] default - ruta '/' metodo 'GET'
[2022-12-05T19:26:38.619] [INFO] default - ruta '/login/' metodo 'GET'
[2022-12-05T19:26:39.411] [INFO] default - ruta '/info/' metodo 'GET'
[2022-12-05T19:26:40.590] [INFO] default - ruta '/' metodo 'GET'
[2022-12-05T19:26:40.672] [INFO] default - ruta '/login/' metodo 'GET'
[2022-12-05T19:26:54.603] [INFO] default - ruta '/login/' metodo 'GET'
[2022-12-05T19:26:56.863] [INFO] default - ruta '/api/carrito/' metodo 'GET'
[2022-12-05T19:26:58.578] [INFO] default - ruta '/' metodo 'GET'
[2022-12-05T19:26:58.659] [INFO] default - ruta '/login/' metodo 'GET'
[2022-12-05T19:27:48.979] [INFO] default - ruta '/login/' metodo 'GET'
[2022-12-05T19:28:38.630] [INFO] default - ruta '/' metodo 'GET'
[2022-12-05T19:28:38.715] [INFO] default - ruta '/login/' metodo 'GET'
[2022-12-05T19:28:41.245] [INFO] default - ruta '/info/' metodo 'GET'
[2022-12-05T19:28:42.325] [INFO] default - ruta '/' metodo 'GET'
[2022-12-05T19:28:42.408] [INFO] default - ruta '/login/' metodo 'GET'
[2022-12-05T19:28:43.442] [INFO] default - ruta '/api/carrito/' metodo 'GET'
[2022-12-05T19:28:44.761] [INFO] default - ruta '/' metodo 'GET'
[2022-12-05T19:28:44.844] [INFO] default - ruta '/login/' metodo 'GET'
[2022-12-05T19:28:46.252] [INFO] default - ruta '/login/logout?' metodo 'GET'
[2022-12-05T19:28:48.305] [INFO] default - ruta '/' metodo 'GET'
[2022-12-05T19:28:49.733] [INFO] default - ruta '/login/signup' metodo 'GET'
[2022-12-05T19:29:08.175] [INFO] default - ruta '/login/signup' metodo 'POST'
[2022-12-05T19:29:20.226] [INFO] default - ruta '/' metodo 'GET'
[2022-12-05T19:29:20.308] [INFO] default - ruta '/login/' metodo 'GET'
[2022-12-05T19:29:22.008] [INFO] default - ruta '/api/carrito/' metodo 'GET'
[2022-12-05T19:29:47.846] [INFO] default - ruta '/api/carrito/34/productos/1' metodo 'POST'
[2022-12-05T19:29:55.457] [INFO] default - ruta '/api/carrito/' metodo 'GET'
[2022-12-05T19:29:56.654] [INFO] default - ruta '/' metodo 'GET'
[2022-12-05T19:29:56.741] [INFO] default - ruta '/login/' metodo 'GET'
[2022-12-05T19:29:58.016] [INFO] default - ruta '/api/carrito/' metodo 'GET'
[2022-12-05T19:30:39.427] [INFO] default - ruta '/api/productos/' metodo 'GET'
[2022-12-05T19:30:48.821] [INFO] default - ruta '/api/carrito/34/productos/6' metodo 'POST'
[2022-12-05T19:30:52.246] [INFO] default - ruta '/api/carrito/' metodo 'GET'
[2022-12-05T19:30:57.295] [INFO] default - ruta '/api/carrito/34/productos/1' metodo 'DELETE'
[2022-12-05T19:31:00.186] [INFO] default - ruta '/api/carrito/' metodo 'GET'
[2022-12-05T19:46:34.277] [INFO] default - ruta '/api/productos/6' metodo 'GET'
[2022-12-05T19:46:38.367] [INFO] default - ruta '/api/productos/' metodo 'GET'
[2022-12-05T19:53:24.891] [INFO] default - ruta '/' metodo 'GET'
[2022-12-05T19:53:24.978] [INFO] default - ruta '/login/' metodo 'GET'
[2022-12-05T19:53:28.017] [INFO] default - ruta '/api/carrito/' metodo 'GET'
[2022-12-05T19:53:29.003] [INFO] default - ruta '/login/logout?' metodo 'GET'
[2022-12-05T19:53:31.058] [INFO] default - ruta '/' metodo 'GET'
[2022-12-05T20:12:53.187] [INFO] default - ruta '/' metodo 'GET'
[2022-12-05T20:12:53.270] [INFO] default - ruta '/login/' metodo 'GET'
[2022-12-05T20:12:57.390] [INFO] default - ruta '/api/carrito/' metodo 'GET'
[2022-12-05T20:12:59.331] [INFO] default - ruta '/info/' metodo 'GET'
[2022-12-05T20:13:00.346] [INFO] default - ruta '/' metodo 'GET'
[2022-12-05T20:13:00.426] [INFO] default - ruta '/login/' metodo 'GET'
[2022-12-05T20:13:01.376] [INFO] default - ruta '/login/logout?' metodo 'GET'
[2022-12-05T20:13:03.414] [INFO] default - ruta '/' metodo 'GET'
[2022-12-05T20:56:02.533] [INFO] default - ruta '/' metodo 'GET'
[2022-12-05T20:56:07.405] [INFO] default - ruta '/login/' metodo 'POST'
[2022-12-05T20:59:44.221] [INFO] default - ruta '/' metodo 'GET'
[2022-12-05T20:59:48.491] [INFO] default - ruta '/login/' metodo 'POST'
[2022-12-05T20:59:59.581] [INFO] default - ruta '/' metodo 'GET'
[2022-12-05T21:00:03.557] [INFO] default - ruta '/login/' metodo 'POST'
[2022-12-05T21:03:04.345] [INFO] default - ruta '/api/carrito/' metodo 'GET'
[2022-12-05T21:03:11.815] [INFO] default - ruta '/api/productos/6' metodo 'GET'
[2022-12-05T21:03:48.392] [INFO] default - ruta '/api/productos/6' metodo 'GET'
[2022-12-05T21:03:52.799] [INFO] default - ruta '/api/productos/5' metodo 'GET'
[2022-12-05T21:03:56.877] [INFO] default - ruta '/' metodo 'GET'
[2022-12-05T21:04:00.923] [INFO] default - ruta '/login/' metodo 'POST'
[2022-12-05T21:04:36.078] [INFO] default - ruta '/' metodo 'GET'
[2022-12-05T21:04:36.159] [INFO] default - ruta '/login/' metodo 'GET'
[2022-12-05T21:04:42.623] [INFO] default - ruta '/login/' metodo 'GET'
[2022-12-05T21:04:47.629] [INFO] default - ruta '/api/carrito/' metodo 'GET'
[2022-12-05T21:04:49.639] [INFO] default - ruta '/' metodo 'GET'
[2022-12-05T21:04:49.720] [INFO] default - ruta '/login/' metodo 'GET'
[2022-12-05T21:06:27.326] [INFO] default - ruta '/api/productos/' metodo 'POST'
[2022-12-05T21:06:53.598] [INFO] default - ruta '/api/productos/' metodo 'POST'
[2022-12-05T21:08:12.857] [INFO] default - ruta '/api/productos/' metodo 'POST'
[2022-12-05T21:08:33.244] [INFO] default - ruta '/api/productos/' metodo 'POST'
[2022-12-05T21:09:03.189] [INFO] default - ruta '/api/productos/' metodo 'POST'
[2022-12-05T21:10:36.773] [INFO] default - ruta '/api/productos/' metodo 'GET'
[2022-12-05T21:11:16.555] [INFO] default - ruta '/' metodo 'GET'
[2022-12-05T21:11:16.639] [INFO] default - ruta '/login/' metodo 'GET'
[2022-12-05T21:11:21.895] [INFO] default - ruta '/api/carrito/' metodo 'GET'
[2022-12-05T21:11:25.793] [INFO] default - ruta '/login/' metodo 'GET'
[2022-12-05T21:11:27.209] [INFO] default - ruta '/login/' metodo 'GET'
[2022-12-05T21:11:28.860] [INFO] default - ruta '/login/' metodo 'GET'
[2022-12-05T21:12:23.070] [INFO] default - ruta '/login/' metodo 'GET'
[2022-12-05T21:12:32.766] [INFO] default - ruta '/login/' metodo 'GET'
[2022-12-05T21:12:59.333] [INFO] default - ruta '/login/' metodo 'GET'
[2022-12-05T21:13:14.265] [INFO] default - ruta '/' metodo 'GET'
[2022-12-05T21:13:14.348] [INFO] default - ruta '/login/' metodo 'GET'
[2022-12-05T21:14:18.173] [INFO] default - ruta '/login/' metodo 'GET'
[2022-12-05T21:15:37.590] [INFO] default - ruta '/' metodo 'GET'
[2022-12-05T21:15:37.675] [INFO] default - ruta '/login/' metodo 'GET'
[2022-12-05T21:17:28.029] [INFO] default - ruta '/login/' metodo 'GET'
[2022-12-05T21:18:41.166] [INFO] default - ruta '/login/' metodo 'GET'
[2022-12-05T21:19:59.915] [INFO] default - ruta '/login/' metodo 'GET'
[2022-12-05T21:20:26.645] [INFO] default - ruta '/login/' metodo 'GET'
[2022-12-05T21:20:40.685] [INFO] default - ruta '/login/' metodo 'GET'
[2022-12-05T21:21:08.002] [INFO] default - ruta '/login/' metodo 'GET'
[2022-12-05T21:21:46.812] [INFO] default - ruta '/login/' metodo 'GET'
[2022-12-05T21:23:05.074] [INFO] default - ruta '/login/' metodo 'GET'
[2022-12-05T21:27:21.340] [INFO] default - ruta '/login/' metodo 'GET'
[2022-12-05T21:28:20.699] [INFO] default - ruta '/login/' metodo 'GET'
[2022-12-05T21:29:31.007] [INFO] default - ruta '/login/' metodo 'GET'
[2022-12-05T21:29:48.490] [INFO] default - ruta '/login/' metodo 'GET'
[2022-12-05T21:30:57.312] [INFO] default - ruta '/login/' metodo 'GET'
[2022-12-05T21:31:05.396] [INFO] default - ruta '/api/carrito/' metodo 'GET'
[2022-12-05T21:31:06.702] [INFO] default - ruta '/' metodo 'GET'
[2022-12-05T21:31:06.783] [INFO] default - ruta '/login/' metodo 'GET'
[2022-12-05T21:31:43.512] [INFO] default - ruta '/api/productos/' metodo 'POST'
[2022-12-05T21:32:43.918] [INFO] default - ruta '/api/productos/' metodo 'POST'
[2022-12-05T21:33:15.847] [INFO] default - ruta '/api/productos/' metodo 'POST'
[2022-12-05T21:34:08.574] [INFO] default - ruta '/api/productos/' metodo 'POST'
[2022-12-05T21:36:43.938] [INFO] default - ruta '/api/productos/' metodo 'GET'
[2022-12-05T21:36:45.237] [INFO] default - ruta '/api/productos/' metodo 'GET'
[2022-12-05T21:37:24.525] [INFO] default - ruta '/api/productos/' metodo 'GET'
[2022-12-05T21:38:12.235] [INFO] default - ruta '/api/productos/' metodo 'GET'
[2022-12-05T21:38:13.636] [INFO] default - ruta '/api/productos/' metodo 'GET'
[2022-12-05T21:38:35.071] [INFO] default - ruta '/api/productos/' metodo 'GET'
[2022-12-05T21:38:56.756] [INFO] default - ruta '/api/productos/' metodo 'GET'
[2022-12-05T21:38:58.139] [INFO] default - ruta '/api/productos/' metodo 'GET'
[2022-12-05T21:39:10.133] [INFO] default - ruta '/api/productos/' metodo 'GET'
[2022-12-05T21:39:33.693] [INFO] default - ruta '/api/productos/' metodo 'GET'
[2022-12-05T21:39:38.346] [INFO] default - ruta '/api/productos/' metodo 'GET'
[2022-12-05T21:39:39.225] [INFO] default - ruta '/api/productos/' metodo 'GET'
[2022-12-05T21:39:51.110] [INFO] default - ruta '/api/productos/' metodo 'GET'
[2022-12-05T21:40:02.113] [INFO] default - ruta '/api/productos/' metodo 'GET'
[2022-12-05T21:40:22.619] [INFO] default - ruta '/api/productos/' metodo 'GET'
[2022-12-05T21:40:36.865] [INFO] default - ruta '/api/productos/1' metodo 'GET'
[2022-12-05T21:41:25.378] [INFO] default - ruta '/login/' metodo 'GET'
[2022-12-05T21:42:45.102] [INFO] default - ruta '/login/' metodo 'GET'
[2022-12-05T21:42:48.544] [INFO] default - ruta '/login/' metodo 'GET'
[2022-12-05T21:43:22.876] [INFO] default - ruta '/login/' metodo 'GET'
[2022-12-05T21:44:45.531] [INFO] default - ruta '/login/logout?' metodo 'GET'
[2022-12-05T21:44:47.745] [INFO] default - ruta '/' metodo 'GET'
[2022-12-05T21:44:48.735] [INFO] default - ruta '/login/signup' metodo 'GET'
[2022-12-05T21:45:07.941] [INFO] default - ruta '/login/signup' metodo 'POST'
[2022-12-05T21:45:16.865] [INFO] default - ruta '/' metodo 'GET'
[2022-12-05T21:45:16.942] [INFO] default - ruta '/login/' metodo 'GET'
[2022-12-05T21:46:51.916] [INFO] default - ruta '/login/' metodo 'GET'
[2022-12-05T21:54:03.486] [INFO] default - ruta '/login/' metodo 'GET'
[2022-12-05T21:54:09.225] [INFO] default - ruta '/login/logout?' metodo 'GET'
[2022-12-05T21:54:11.267] [INFO] default - ruta '/' metodo 'GET'
[2022-12-05T21:54:12.359] [INFO] default - ruta '/login/signup' metodo 'GET'
[2022-12-05T21:54:25.148] [INFO] default - ruta '/login/signup' metodo 'POST'
[2022-12-05T21:54:33.184] [INFO] default - ruta '/' metodo 'GET'
[2022-12-05T21:54:33.265] [INFO] default - ruta '/login/' metodo 'GET'
[2022-12-05T21:55:38.624] [INFO] default - ruta '/' metodo 'GET'
[2022-12-05T21:55:41.089] [INFO] default - ruta '/login/signup' metodo 'GET'
[2022-12-05T21:55:59.404] [INFO] default - ruta '/login/signup' metodo 'POST'
[2022-12-05T21:56:07.521] [INFO] default - ruta '/' metodo 'GET'
[2022-12-05T21:56:07.602] [INFO] default - ruta '/login/' metodo 'GET'
[2022-12-05T21:57:05.967] [INFO] default - ruta '/login/' metodo 'GET'
[2022-12-05T21:57:10.687] [INFO] default - ruta '/login/' metodo 'GET'
[2022-12-05T21:57:19.779] [INFO] default - ruta '/' metodo 'GET'
[2022-12-05T21:57:19.860] [INFO] default - ruta '/login/' metodo 'GET'
[2022-12-05T21:59:11.411] [INFO] default - ruta '/login/' metodo 'GET'
[2022-12-05T22:01:39.896] [INFO] default - ruta '/login/' metodo 'GET'
[2022-12-05T22:02:17.400] [INFO] default - ruta '/login/' metodo 'GET'
[2022-12-05T22:03:00.206] [INFO] default - ruta '/login/' metodo 'GET'
[2022-12-05T22:03:32.897] [INFO] default - ruta '/login/' metodo 'GET'
[2022-12-05T22:04:26.535] [INFO] default - ruta '/login/' metodo 'GET'
[2022-12-05T22:04:51.676] [INFO] default - ruta '/login/' metodo 'GET'
[2022-12-05T22:07:49.401] [INFO] default - ruta '/api/productos/1' metodo 'GET'
[2022-12-05T22:07:53.702] [INFO] default - ruta '/api/productos/3' metodo 'GET'
[2022-12-05T22:08:56.690] [INFO] default - ruta '/api/productos/3' metodo 'GET'
[2022-12-05T22:09:31.750] [INFO] default - ruta '/api/productos/3' metodo 'GET'
[2022-12-05T22:09:36.670] [INFO] default - ruta '/api/productos/3' metodo 'GET'
[2022-12-05T22:09:59.627] [INFO] default - ruta '/api/productos/3' metodo 'GET'
[2022-12-05T22:10:24.858] [INFO] default - ruta '/api/productos/3' metodo 'GET'
[2022-12-05T22:10:26.288] [INFO] default - ruta '/api/productos/3' metodo 'GET'
[2022-12-05T22:10:44.907] [INFO] default - ruta '/api/productos/3' metodo 'GET'
[2022-12-05T22:11:32.453] [INFO] default - ruta '/api/productos/3' metodo 'GET'
[2022-12-05T22:12:52.658] [INFO] default - ruta '/api/productos/3' metodo 'GET'
[2022-12-05T22:13:13.550] [INFO] default - ruta '/api/productos/' metodo 'GET'
[2022-12-05T22:13:52.571] [INFO] default - ruta '/api/productos/' metodo 'GET'
[2022-12-05T22:13:53.983] [INFO] default - ruta '/api/productos/' metodo 'GET'
[2022-12-05T22:14:21.001] [INFO] default - ruta '/api/productos/' metodo 'GET'
[2022-12-05T22:16:37.333] [INFO] default - ruta '/api/productos/' metodo 'GET'
[2022-12-05T22:17:09.301] [INFO] default - ruta '/api/productos/' metodo 'GET'
[2022-12-05T22:18:06.192] [INFO] default - ruta '/api/productos/' metodo 'GET'
[2022-12-05T22:18:18.924] [INFO] default - ruta '/api/productos/' metodo 'GET'
[2022-12-05T22:18:29.302] [INFO] default - ruta '/api/productos/' metodo 'GET'
[2022-12-05T22:18:30.709] [INFO] default - ruta '/api/productos/' metodo 'GET'
[2022-12-05T22:18:54.049] [INFO] default - ruta '/api/productos/' metodo 'GET'
[2022-12-05T22:20:12.875] [INFO] default - ruta '/api/productos/' metodo 'GET'
[2022-12-05T22:20:14.719] [INFO] default - ruta '/api/productos/' metodo 'GET'
[2022-12-05T22:20:18.563] [INFO] default - ruta '/api/productos/' metodo 'GET'
[2022-12-05T22:20:37.105] [INFO] default - ruta '/api/productos/' metodo 'GET'
[2022-12-05T22:20:44.295] [INFO] default - ruta '/' metodo 'GET'
[2022-12-05T22:20:44.380] [INFO] default - ruta '/login/' metodo 'GET'
[2022-12-05T22:21:31.142] [INFO] default - ruta '/login/' metodo 'GET'
[2022-12-05T22:22:10.955] [INFO] default - ruta '/login/' metodo 'GET'
[2022-12-05T22:22:45.165] [INFO] default - ruta '/login/' metodo 'GET'
[2022-12-05T22:23:19.245] [INFO] default - ruta '/api/productos/2' metodo 'GET'
[2022-12-05T22:23:50.924] [INFO] default - ruta '/api/productos/2' metodo 'GET'
[2022-12-05T22:24:30.570] [INFO] default - ruta '/api/productos/2' metodo 'GET'
[2022-12-05T22:24:32.425] [INFO] default - ruta '/api/productos/2' metodo 'GET'
[2022-12-05T22:24:49.817] [INFO] default - ruta '/api/productos/2' metodo 'GET'
[2022-12-05T22:24:51.135] [INFO] default - ruta '/api/productos/2' metodo 'GET'
[2022-12-05T22:26:37.172] [INFO] default - ruta '/api/productos/2' metodo 'GET'
[2022-12-05T22:26:38.699] [INFO] default - ruta '/api/productos/2' metodo 'GET'
[2022-12-05T22:27:06.020] [INFO] default - ruta '/api/productos/2' metodo 'GET'
[2022-12-05T22:27:38.651] [INFO] default - ruta '/api/productos/2' metodo 'GET'
[2022-12-05T22:27:52.260] [INFO] default - ruta '/api/productos/2' metodo 'GET'
[2022-12-05T22:28:21.877] [INFO] default - ruta '/api/productos/2' metodo 'GET'
[2022-12-05T22:30:09.116] [INFO] default - ruta '/api/productos/2' metodo 'GET'
[2022-12-05T22:30:10.990] [INFO] default - ruta '/api/productos/2' metodo 'GET'
[2022-12-05T22:31:35.724] [INFO] default - ruta '/api/productos/2' metodo 'GET'
[2022-12-05T22:31:48.347] [INFO] default - ruta '/api/productos/2' metodo 'GET'
[2022-12-05T22:31:54.806] [INFO] default - ruta '/api/productos/' metodo 'GET'
[2022-12-05T22:32:02.573] [INFO] default - ruta '/api/productos/6' metodo 'GET'
[2022-12-05T22:32:22.719] [INFO] default - ruta '/api/productos/4' metodo 'GET'
[2022-12-05T22:32:28.128] [INFO] default - ruta '/api/productos/4' metodo 'GET'
[2022-12-05T22:32:34.180] [INFO] default - ruta '/api/productos/4' metodo 'GET'
[2022-12-05T22:33:12.007] [INFO] default - ruta '/api/productos/4' metodo 'GET'
[2022-12-05T22:34:00.035] [INFO] default - ruta '/api/productos/4' metodo 'GET'
[2022-12-05T22:34:38.235] [INFO] default - ruta '/api/productos/4' metodo 'GET'
[2022-12-05T22:35:30.965] [INFO] default - ruta '/api/productos/4' metodo 'GET'
[2022-12-05T22:35:55.707] [INFO] default - ruta '/api/productos/4' metodo 'GET'
[2022-12-05T22:36:17.935] [INFO] default - ruta '/api/productos/4' metodo 'GET'
[2022-12-05T22:37:17.508] [INFO] default - ruta '/api/productos/4' metodo 'GET'
[2022-12-05T22:37:18.255] [INFO] default - ruta '/api/productos/4' metodo 'GET'
[2022-12-05T22:37:19.059] [INFO] default - ruta '/api/productos/4' metodo 'GET'
[2022-12-05T22:39:12.785] [INFO] default - ruta '/api/productos/4' metodo 'GET'
[2022-12-05T22:40:06.226] [INFO] default - ruta '/api/productos/4' metodo 'GET'
[2022-12-05T22:40:07.750] [INFO] default - ruta '/api/productos/4' metodo 'GET'
[2022-12-05T22:40:48.126] [INFO] default - ruta '/api/productos/4' metodo 'GET'
[2022-12-05T22:41:19.940] [INFO] default - ruta '/api/productos/4' metodo 'GET'
[2022-12-05T22:41:35.771] [INFO] default - ruta '/api/productos/' metodo 'GET'
[2022-12-05T22:41:40.906] [INFO] default - ruta '/' metodo 'GET'
[2022-12-05T22:41:40.985] [INFO] default - ruta '/login/' metodo 'GET'
[2022-12-05T22:41:48.164] [INFO] default - ruta '/api/carrito/' metodo 'GET'
[2022-12-05T22:42:04.334] [INFO] default - ruta '/api/carrito/36/productos/4' metodo 'POST'
[2022-12-05T22:43:45.571] [INFO] default - ruta '/api/carrito/36/productos/4' metodo 'POST'
[2022-12-05T22:45:16.878] [INFO] default - ruta '/api/carrito/36/productos/4' metodo 'POST'
[2022-12-05T22:45:22.974] [INFO] default - ruta '/api/productos/' metodo 'GET'
[2022-12-05T22:45:32.627] [INFO] default - ruta '/api/productos/7' metodo 'GET'
[2022-12-05T22:54:49.273] [INFO] default - ruta '/api/productos/7' metodo 'GET'
[2022-12-05T22:55:12.529] [INFO] default - ruta '/api/productos/6' metodo 'PUT'
[2022-12-05T22:55:40.483] [INFO] default - ruta '/api/productos/6' metodo 'PUT'
[2022-12-05T22:56:34.802] [INFO] default - ruta '/api/productos/6' metodo 'PUT'
[2022-12-05T22:56:53.865] [INFO] default - ruta '/api/productos/6' metodo 'PUT'
[2022-12-05T22:57:39.676] [INFO] default - ruta '/api/productos/6' metodo 'PUT'
[2022-12-05T22:58:02.662] [INFO] default - ruta '/api/productos/6' metodo 'PUT'
[2022-12-05T22:58:05.039] [INFO] default - ruta '/api/productos/6' metodo 'PUT'
[2022-12-05T22:58:44.599] [INFO] default - ruta '/api/productos/6' metodo 'PUT'
[2022-12-05T22:58:59.883] [INFO] default - ruta '/api/productos/6' metodo 'PUT'
[2022-12-05T22:59:01.881] [INFO] default - ruta '/api/productos/6' metodo 'PUT'
[2022-12-05T22:59:12.907] [INFO] default - ruta '/api/productos/6' metodo 'PUT'
[2022-12-05T22:59:26.014] [INFO] default - ruta '/api/productos/6' metodo 'PUT'
[2022-12-05T22:59:53.616] [INFO] default - ruta '/api/productos/' metodo 'POST'
[2022-12-05T23:00:19.752] [INFO] default - ruta '/api/productos/' metodo 'POST'
[2022-12-05T23:01:25.545] [INFO] default - ruta '/api/productos/' metodo 'POST'
[2022-12-05T23:01:35.360] [INFO] default - ruta '/api/productos/' metodo 'POST'
[2022-12-05T23:01:37.256] [INFO] default - ruta '/api/productos/' metodo 'POST'
[2022-12-05T23:02:17.461] [INFO] default - ruta '/' metodo 'GET'
[2022-12-05T23:02:17.547] [INFO] default - ruta '/login/' metodo 'GET'
[2022-12-05T23:02:25.322] [INFO] default - ruta '/api/carrito/' metodo 'GET'
[2022-12-05T23:02:27.584] [INFO] default - ruta '/' metodo 'GET'
[2022-12-05T23:02:27.668] [INFO] default - ruta '/login/' metodo 'GET'
[2022-12-05T23:03:13.276] [INFO] default - ruta '/api/carrito/' metodo 'GET'
[2022-12-05T23:03:14.202] [INFO] default - ruta '/' metodo 'GET'
[2022-12-05T23:03:14.285] [INFO] default - ruta '/login/' metodo 'GET'
[2022-12-05T23:04:25.102] [INFO] default - ruta '/api/productos/' metodo 'POST'
[2022-12-05T23:04:52.042] [INFO] default - ruta '/api/productos/' metodo 'POST'
[2022-12-05T23:05:04.499] [INFO] default - ruta '/api/productos/7' metodo 'PUT'
[2022-12-05T23:05:27.226] [INFO] default - ruta '/api/productos/' metodo 'GET'
[2022-12-05T23:06:09.912] [INFO] default - ruta '/api/productos/' metodo 'GET'
[2022-12-05T23:09:10.745] [INFO] default - ruta '/api/productos/' metodo 'GET'
[2022-12-05T23:11:49.908] [INFO] default - ruta '/api/productos/' metodo 'GET'
[2022-12-05T23:14:20.776] [INFO] default - ruta '/api/productos/6' metodo 'PUT'
[2022-12-05T23:14:28.669] [INFO] default - ruta '/api/productos/' metodo 'GET'
[2022-12-05T23:14:44.621] [INFO] default - ruta '/api/productos/6' metodo 'PUT'
[2022-12-05T23:18:40.177] [INFO] default - ruta '/api/carrito/36/productos/4' metodo 'POST'
[2022-12-05T23:18:59.145] [INFO] default - ruta '/api/carrito/36/productos/4' metodo 'POST'
[2022-12-05T23:21:02.219] [INFO] default - ruta '/api/carrito/36/productos/4' metodo 'POST'
[2022-12-05T23:21:18.740] [INFO] default - ruta '/api/carrito/36/productos/6' metodo 'POST'
[2022-12-05T23:22:07.743] [INFO] default - ruta '/api/carrito/36/productos/6' metodo 'POST'
[2022-12-05T23:23:10.819] [INFO] default - ruta '/api/carrito/36/productos/6' metodo 'POST'
[2022-12-05T23:23:24.453] [INFO] default - ruta '/api/carrito/36/productos/6' metodo 'POST'
[2022-12-05T23:23:56.687] [INFO] default - ruta '/api/carrito/36/productos/6' metodo 'POST'
[2022-12-05T23:24:16.747] [INFO] default - ruta '/api/carrito/36/productos/6' metodo 'POST'
[2022-12-05T23:25:22.558] [INFO] default - ruta '/api/carrito/36/productos/6' metodo 'POST'
[2022-12-05T23:26:38.769] [INFO] default - ruta '/api/carrito/36/productos/6' metodo 'POST'
[2022-12-05T23:26:49.125] [INFO] default - ruta '/api/carrito/36/productos/6' metodo 'POST'
[2022-12-05T23:29:24.516] [INFO] default - ruta '/api/carrito/36/productos/6' metodo 'POST'
[2022-12-05T23:30:45.974] [INFO] default - ruta '/api/carrito/36/productos/6' metodo 'POST'
[2022-12-05T23:30:58.785] [INFO] default - ruta '/api/carrito/36/productos/6' metodo 'POST'
[2022-12-05T23:31:43.349] [INFO] default - ruta '/api/carrito/36/productos/6' metodo 'POST'
[2022-12-05T23:32:12.696] [INFO] default - ruta '/api/carrito/36/productos/6' metodo 'POST'
[2022-12-05T23:32:24.124] [INFO] default - ruta '/api/productos/' metodo 'GET'
[2022-12-05T23:32:58.787] [INFO] default - ruta '/api/productos/7' metodo 'GET'
[2022-12-05T23:33:06.392] [INFO] default - ruta '/api/productos/6' metodo 'GET'
[2022-12-05T23:33:11.865] [INFO] default - ruta '/api/productos/5' metodo 'GET'
[2022-12-05T23:34:44.406] [INFO] default - ruta '/api/productos/5' metodo 'GET'
[2022-12-05T23:35:05.241] [INFO] default - ruta '/api/productos/5' metodo 'GET'
[2022-12-05T23:35:21.506] [INFO] default - ruta '/api/carrito/36/productos/6' metodo 'POST'
[2022-12-05T23:35:46.700] [INFO] default - ruta '/api/carrito/36/productos/6' metodo 'POST'
[2022-12-05T23:36:10.708] [INFO] default - ruta '/api/carrito/36/productos/6' metodo 'POST'
[2022-12-05T23:36:53.209] [INFO] default - ruta '/api/carrito/36/productos/4' metodo 'POST'
[2022-12-05T23:37:12.415] [INFO] default - ruta '/api/carrito/36/productos/4' metodo 'POST'
[2022-12-05T23:37:38.349] [INFO] default - ruta '/api/carrito/36/productos/3' metodo 'POST'
[2022-12-05T23:38:02.887] [INFO] default - ruta '/api/carrito/36/productos/2' metodo 'POST'
[2022-12-05T23:38:53.013] [INFO] default - ruta '/api/carrito/36/productos/4' metodo 'DELETE'
[2022-12-05T23:40:19.504] [INFO] default - ruta '/api/carrito/36/productos/2' metodo 'DELETE'
[2022-12-05T23:42:09.832] [INFO] default - ruta '/api/productos/' metodo 'GET'
[2022-12-05T23:42:55.598] [INFO] default - ruta '/api/productos/' metodo 'GET'
[2022-12-05T23:43:10.144] [INFO] default - ruta '/api/carrito/36/productos/2' metodo 'POST'
[2022-12-05T23:43:25.536] [INFO] default - ruta '/api/carrito/36/productos/4' metodo 'POST'
[2022-12-05T23:43:31.138] [INFO] default - ruta '/api/carrito/36/productos/4' metodo 'POST'
[2022-12-05T23:43:39.739] [INFO] default - ruta '/api/carrito/36/productos/3' metodo 'POST'
[2022-12-05T23:44:21.411] [INFO] default - ruta '/login/' metodo 'GET'
[2022-12-05T23:44:22.376] [INFO] default - ruta '/api/carrito/' metodo 'GET'
[2022-12-05T23:44:58.159] [INFO] default - ruta '/api/carrito/36/productos/3' metodo 'DELETE'
[2022-12-05T23:45:36.592] [INFO] default - ruta '/api/carrito/36/productos/3' metodo 'DELETE'
[2022-12-05T23:45:46.770] [INFO] default - ruta '/api/carrito/36/productos/3' metodo 'POST'
[2022-12-05T23:46:15.506] [INFO] default - ruta '/api/carrito/36/productos/3' metodo 'DELETE'
[2022-12-05T23:46:45.250] [INFO] default - ruta '/api/carrito/36/productos/3' metodo 'DELETE'
[2022-12-05T23:48:38.972] [INFO] default - ruta '/api/carrito/36/productos/3' metodo 'DELETE'
[2022-12-05T23:48:56.583] [INFO] default - ruta '/api/carrito/36/productos/3' metodo 'POST'
[2022-12-06T00:03:59.906] [INFO] default - ruta '/' metodo 'GET'
[2022-12-06T00:03:59.993] [INFO] default - ruta '/login/' metodo 'GET'
[2022-12-06T00:04:04.492] [INFO] default - ruta '/api/carrito/' metodo 'GET'
[2022-12-06T00:04:09.690] [INFO] default - ruta '/' metodo 'GET'
[2022-12-06T00:04:09.772] [INFO] default - ruta '/login/' metodo 'GET'
[2022-12-06T00:04:11.796] [INFO] default - ruta '/login/logout?' metodo 'GET'
[2022-12-06T00:04:13.829] [INFO] default - ruta '/' metodo 'GET'
[2022-12-06T00:04:48.135] [INFO] default - ruta '/login/' metodo 'POST'
[2022-12-06T00:05:02.339] [INFO] default - ruta '/' metodo 'GET'
[2022-12-06T00:05:07.173] [INFO] default - ruta '/login/' metodo 'POST'
[2022-12-06T00:05:10.610] [INFO] default - ruta '/api/carrito/' metodo 'GET'
[2022-12-06T00:05:13.357] [INFO] default - ruta '/' metodo 'GET'
[2022-12-06T00:05:13.447] [INFO] default - ruta '/login/' metodo 'GET'
[2022-12-06T00:05:16.559] [INFO] default - ruta '/info/' metodo 'GET'
[2022-12-06T00:05:17.591] [INFO] default - ruta '/' metodo 'GET'
[2022-12-06T00:05:17.676] [INFO] default - ruta '/login/' metodo 'GET'
[2022-12-06T00:05:18.629] [INFO] default - ruta '/login/logout?' metodo 'GET'
[2022-12-06T00:05:20.686] [INFO] default - ruta '/' metodo 'GET'
[2022-12-06T00:05:37.902] [INFO] default - ruta '/api/carrito/' metodo 'GET'
[2022-12-06T00:05:39.161] [INFO] default - ruta '/' metodo 'GET'
[2022-12-06T00:05:39.239] [INFO] default - ruta '/login/' metodo 'GET'
[2022-12-06T00:05:41.870] [INFO] default - ruta '/api/carrito/' metodo 'GET'
[2022-12-06T00:05:43.213] [INFO] default - ruta '/' metodo 'GET'
[2022-12-06T00:05:43.290] [INFO] default - ruta '/login/' metodo 'GET'
[2022-12-06T00:05:58.838] [INFO] default - ruta '/login/' metodo 'GET'
[2022-12-06T00:06:01.682] [INFO] default - ruta '/login/' metodo 'GET'
[2022-12-06T00:06:18.752] [INFO] default - ruta '/login/' metodo 'GET'
[2022-12-06T00:06:21.640] [INFO] default - ruta '/login/' metodo 'GET'
[2022-12-06T00:06:24.241] [INFO] default - ruta '/login/' metodo 'GET'
[2022-12-06T00:06:24.867] [INFO] default - ruta '/login/' metodo 'GET'
[2022-12-06T00:07:19.701] [INFO] default - ruta '/api/productos/' metodo 'POST'
[2022-12-06T00:07:23.274] [INFO] default - ruta '/login/' metodo 'GET'
[2022-12-06T00:07:34.869] [INFO] default - ruta '/login/' metodo 'GET'
[2022-12-06T00:07:38.854] [INFO] default - ruta '/login/' metodo 'GET'
[2022-12-06T00:07:40.440] [INFO] default - ruta '/login/' metodo 'GET'
[2022-12-06T00:07:42.184] [INFO] default - ruta '/login/' metodo 'GET'
[2022-12-06T00:08:36.529] [INFO] default - ruta '/login/' metodo 'GET'
[2022-12-06T00:08:48.126] [INFO] default - ruta '/login/' metodo 'GET'
[2022-12-06T00:08:51.957] [INFO] default - ruta '/api/carrito/' metodo 'GET'
[2022-12-06T00:09:07.637] [INFO] default - ruta '/api/carrito/' metodo 'GET'
[2022-12-06T00:09:23.129] [INFO] default - ruta '/api/carrito/37/productos/3' metodo 'POST'
[2022-12-06T00:09:26.027] [INFO] default - ruta '/api/carrito/' metodo 'GET'
[2022-12-06T00:09:27.061] [INFO] default - ruta '/api/carrito/' metodo 'GET'
[2022-12-06T00:09:49.067] [INFO] default - ruta '/api/carrito/37/productos/4' metodo 'POST'
[2022-12-06T00:09:53.865] [INFO] default - ruta '/api/carrito/' metodo 'GET'
[2022-12-06T00:10:00.528] [INFO] default - ruta '/' metodo 'GET'
[2022-12-06T00:10:00.610] [INFO] default - ruta '/login/' metodo 'GET'
[2022-12-06T00:20:10.503] [INFO] default - ruta '/login/' metodo 'GET'
[2022-12-06T00:40:16.393] [INFO] default - ruta '/api/productos/' metodo 'POST'
[2022-12-06T00:40:37.281] [INFO] default - ruta '/api/productos/9' metodo 'PUT'
[2022-12-06T00:40:43.793] [INFO] default - ruta '/api/productos/9' metodo 'GET'
[2022-12-06T00:42:09.365] [INFO] default - ruta '/api/productos/' metodo 'POST'
[2022-12-06T00:46:23.112] [INFO] default - ruta '/api/productos/' metodo 'POST'
[2022-12-06T00:49:14.887] [INFO] default - ruta '/api/productos/' metodo 'POST'
[2022-12-06T00:49:35.293] [INFO] default - ruta '/api/productos/' metodo 'POST'
[2022-12-06T00:50:23.595] [INFO] default - ruta '/api/productos/' metodo 'POST'
[2022-12-06T00:50:30.465] [INFO] default - ruta '/api/productos/' metodo 'POST'
[2022-12-06T00:51:32.219] [INFO] default - ruta '/api/productos/' metodo 'GET'
[2022-12-06T00:52:25.673] [INFO] default - ruta '/api/productos/' metodo 'GET'
[2022-12-06T00:52:48.931] [INFO] default - ruta '/api/productos/' metodo 'POST'
[2022-12-06T00:53:11.973] [INFO] default - ruta '/api/productos/' metodo 'POST'
[2022-12-06T00:54:22.708] [INFO] default - ruta '/api/productos/' metodo 'POST'
[2022-12-06T00:54:31.524] [INFO] default - ruta '/api/productos/' metodo 'POST'
[2022-12-06T00:54:40.081] [INFO] default - ruta '/api/productos/' metodo 'POST'
[2022-12-06T00:54:47.829] [INFO] default - ruta '/api/productos/' metodo 'GET'
[2022-12-06T00:55:28.085] [INFO] default - ruta '/api/productos/' metodo 'GET'
[2022-12-06T00:56:03.406] [INFO] default - ruta '/api/productos/' metodo 'POST'
[2022-12-06T00:56:34.878] [INFO] default - ruta '/api/productos/' metodo 'GET'
[2022-12-06T00:56:49.206] [INFO] default - ruta '/api/productos/' metodo 'POST'
[2022-12-06T00:56:56.508] [INFO] default - ruta '/api/productos/' metodo 'GET'
[2022-12-06T00:57:34.719] [INFO] default - ruta '/api/productos/' metodo 'POST'
[2022-12-06T00:57:54.981] [INFO] default - ruta '/api/productos/' metodo 'POST'
[2022-12-06T00:58:05.004] [INFO] default - ruta '/api/productos/' metodo 'GET'
[2022-12-06T00:58:35.418] [INFO] default - ruta '/api/productos/' metodo 'POST'
[2022-12-06T18:33:36.935] [INFO] default - ruta '/' metodo 'GET'
[2022-12-06T18:33:37.119] [INFO] default - ruta '/login/' metodo 'GET'
[2022-12-06T18:33:47.814] [INFO] default - ruta '/info/' metodo 'GET'
[2022-12-06T18:33:49.010] [INFO] default - ruta '/' metodo 'GET'
[2022-12-06T18:33:49.188] [INFO] default - ruta '/login/' metodo 'GET'
[2022-12-06T18:33:50.978] [INFO] default - ruta '/api/carrito/' metodo 'GET'
[2022-12-06T18:33:54.652] [INFO] default - ruta '/' metodo 'GET'
[2022-12-06T18:33:54.828] [INFO] default - ruta '/login/' metodo 'GET'
[2022-12-06T18:33:58.812] [INFO] default - ruta '/login/logout?' metodo 'GET'
[2022-12-06T18:34:00.866] [INFO] default - ruta '/' metodo 'GET'
