[2022-10-31T15:50:48.082] [WARN] warn - ruta '/favicon.ico' metodo 'GET' no implementado
[2022-10-31T15:50:53.757] [WARN] warn - ruta '/favicon.ico' metodo 'GET' no implementado
[2022-10-31T15:50:56.113] [WARN] warn - ruta '/api/productos-te' metodo 'GET' no implementado
[2022-10-31T15:50:56.219] [WARN] warn - ruta '/favicon.ico' metodo 'GET' no implementado
[2022-10-31T15:52:43.148] [WARN] warn - ruta '/api/productos-te' metodo 'GET' no implementado
[2022-10-31T15:52:43.181] [WARN] warn - ruta '/favicon.ico' metodo 'GET' no implementado
[2022-10-31T15:52:46.474] [WARN] warn - ruta '/favicon.ico' metodo 'GET' no implementado
[2022-10-31T15:52:49.533] [WARN] warn - ruta '/favicon.ico' metodo 'GET' no implementado
[2022-10-31T15:54:04.372] [WARN] warn - ruta '/favicon.ico' metodo 'GET' no implementado
[2022-10-31T15:54:07.696] [WARN] warn - ruta '/favicon.ico' metodo 'GET' no implementado
[2022-10-31T15:58:38.020] [WARN] warn - ruta '/favicon.ico' metodo 'GET' no implementado
[2022-10-31T15:58:40.798] [WARN] warn - ruta '/api/productos-tes' metodo 'GET' no implementado
[2022-10-31T15:58:40.827] [WARN] warn - ruta '/favicon.ico' metodo 'GET' no implementado
[2022-10-31T15:59:39.197] [WARN] warn - ruta '/api/productos-tes' metodo 'GET' no implementado
[2022-10-31T15:59:39.225] [WARN] warn - ruta '/favicon.ico' metodo 'GET' no implementado
[2022-10-31T15:59:42.193] [WARN] warn - ruta '/api/productos-tes' metodo 'GET' no implementado
[2022-10-31T15:59:42.213] [WARN] warn - ruta '/favicon.ico' metodo 'GET' no implementado
[2022-10-31T16:00:53.155] [WARN] warn - ruta '/api/productos-tes' metodo 'GET' no implementado
[2022-10-31T16:00:53.185] [WARN] warn - ruta '/favicon.ico' metodo 'GET' no implementado
[2022-10-31T16:12:50.985] [WARN] warn - ruta '/favicon.ico' metodo 'GET' no implementado
[2022-10-31T16:12:53.762] [WARN] warn - ruta '/favicon.ico' metodo 'GET' no implementado
[2022-10-31T16:13:03.605] [WARN] warn - ruta '/favicon.ico' metodo 'GET' no implementado
[2022-10-31T16:26:31.708] [WARN] warn - ruta '/favicon.ico' metodo 'GET' no implementado
[2022-10-31T16:28:14.226] [WARN] warn - ruta '/favicon.ico' metodo 'GET' no implementado
[2022-10-31T16:28:20.208] [WARN] warn - ruta '/favicon.ico' metodo 'GET' no implementado
[2022-10-31T16:28:27.130] [WARN] warn - ruta '/favicon.ico' metodo 'GET' no implementado
[2022-10-31T16:30:25.535] [WARN] warn - ruta '/favicon.ico' metodo 'GET' no implementado
[2022-10-31T16:30:31.350] [WARN] warn - ruta '/favicon.ico' metodo 'GET' no implementado
[2022-10-31T16:30:46.649] [WARN] warn - ruta '/favicon.ico' metodo 'GET' no implementado
[2022-10-31T16:30:50.560] [WARN] warn - ruta '/favicon.ico' metodo 'GET' no implementado
[2022-10-31T16:32:07.674] [WARN] warn - ruta '/favicon.ico' metodo 'GET' no implementado
[2022-10-31T16:32:17.959] [WARN] warn - ruta '/favicon.ico' metodo 'GET' no implementado
[2022-10-31T16:33:10.202] [WARN] warn - ruta '/favicon.ico' metodo 'GET' no implementado
[2022-10-31T16:33:11.919] [WARN] warn - ruta '/favicon.ico' metodo 'GET' no implementado
[2022-10-31T17:12:44.658] [WARN] warn - ruta '/api' metodo 'GET' no implementado
[2022-10-31T17:12:44.673] [WARN] warn - ruta '/api' metodo 'GET' no implementado
[2022-10-31T17:12:44.676] [WARN] warn - ruta '/api' metodo 'GET' no implementado
[2022-10-31T17:12:44.679] [WARN] warn - ruta '/api' metodo 'GET' no implementado
[2022-10-31T17:12:44.682] [WARN] warn - ruta '/api' metodo 'GET' no implementado
[2022-10-31T17:12:44.686] [WARN] warn - ruta '/api' metodo 'GET' no implementado
[2022-10-31T17:12:44.688] [WARN] warn - ruta '/api' metodo 'GET' no implementado
[2022-10-31T17:12:44.689] [WARN] warn - ruta '/api' metodo 'GET' no implementado
[2022-10-31T17:12:44.691] [WARN] warn - ruta '/api' metodo 'GET' no implementado
[2022-10-31T17:12:44.694] [WARN] warn - ruta '/api' metodo 'GET' no implementado
[2022-10-31T17:12:44.696] [WARN] warn - ruta '/api' metodo 'GET' no implementado
[2022-10-31T17:12:44.697] [WARN] warn - ruta '/api' metodo 'GET' no implementado
[2022-10-31T17:12:44.699] [WARN] warn - ruta '/api' metodo 'GET' no implementado
[2022-10-31T17:12:44.700] [WARN] warn - ruta '/api' metodo 'GET' no implementado
[2022-10-31T17:12:44.701] [WARN] warn - ruta '/api' metodo 'GET' no implementado
[2022-10-31T17:12:44.702] [WARN] warn - ruta '/api' metodo 'GET' no implementado
[2022-10-31T17:12:44.704] [WARN] warn - ruta '/api' metodo 'GET' no implementado
[2022-10-31T17:12:44.705] [WARN] warn - ruta '/api' metodo 'GET' no implementado
[2022-10-31T17:12:44.707] [WARN] warn - ruta '/api' metodo 'GET' no implementado
[2022-10-31T17:12:44.708] [WARN] warn - ruta '/api' metodo 'GET' no implementado
[2022-10-31T17:12:44.709] [WARN] warn - ruta '/api' metodo 'GET' no implementado
[2022-10-31T17:12:44.710] [WARN] warn - ruta '/api' metodo 'GET' no implementado
[2022-10-31T17:12:44.711] [WARN] warn - ruta '/api' metodo 'GET' no implementado
[2022-10-31T17:12:44.712] [WARN] warn - ruta '/api' metodo 'GET' no implementado
[2022-10-31T17:12:44.713] [WARN] warn - ruta '/api' metodo 'GET' no implementado
[2022-10-31T17:12:44.714] [WARN] warn - ruta '/api' metodo 'GET' no implementado
[2022-10-31T17:12:44.715] [WARN] warn - ruta '/api' metodo 'GET' no implementado
[2022-10-31T17:12:44.716] [WARN] warn - ruta '/api' metodo 'GET' no implementado
[2022-10-31T17:12:44.718] [WARN] warn - ruta '/api' metodo 'GET' no implementado
[2022-10-31T17:12:44.719] [WARN] warn - ruta '/api' metodo 'GET' no implementado
[2022-10-31T17:12:44.720] [WARN] warn - ruta '/api' metodo 'GET' no implementado
[2022-10-31T17:12:44.721] [WARN] warn - ruta '/api' metodo 'GET' no implementado
[2022-10-31T17:12:44.723] [WARN] warn - ruta '/api' metodo 'GET' no implementado
[2022-10-31T17:12:44.723] [WARN] warn - ruta '/api' metodo 'GET' no implementado
[2022-10-31T17:12:44.724] [WARN] warn - ruta '/api' metodo 'GET' no implementado
[2022-10-31T17:12:44.725] [WARN] warn - ruta '/api' metodo 'GET' no implementado
[2022-10-31T17:12:44.726] [WARN] warn - ruta '/api' metodo 'GET' no implementado
[2022-10-31T17:12:44.727] [WARN] warn - ruta '/api' metodo 'GET' no implementado
[2022-10-31T17:12:44.728] [WARN] warn - ruta '/api' metodo 'GET' no implementado
[2022-10-31T17:12:44.728] [WARN] warn - ruta '/api' metodo 'GET' no implementado
[2022-10-31T17:12:44.729] [WARN] warn - ruta '/api' metodo 'GET' no implementado
[2022-10-31T17:12:44.731] [WARN] warn - ruta '/api' metodo 'GET' no implementado
[2022-10-31T17:12:44.732] [WARN] warn - ruta '/api' metodo 'GET' no implementado
[2022-10-31T17:12:44.733] [WARN] warn - ruta '/api' metodo 'GET' no implementado
[2022-10-31T17:12:44.734] [WARN] warn - ruta '/api' metodo 'GET' no implementado
[2022-10-31T17:12:44.736] [WARN] warn - ruta '/api' metodo 'GET' no implementado
[2022-10-31T17:12:44.736] [WARN] warn - ruta '/api' metodo 'GET' no implementado
[2022-10-31T17:12:44.737] [WARN] warn - ruta '/api' metodo 'GET' no implementado
[2022-10-31T17:12:44.738] [WARN] warn - ruta '/api' metodo 'GET' no implementado
[2022-10-31T17:12:44.739] [WARN] warn - ruta '/api' metodo 'GET' no implementado
[2022-10-31T17:12:44.740] [WARN] warn - ruta '/api' metodo 'GET' no implementado
[2022-10-31T17:12:44.741] [WARN] warn - ruta '/api' metodo 'GET' no implementado
[2022-10-31T17:12:44.742] [WARN] warn - ruta '/api' metodo 'GET' no implementado
[2022-10-31T17:12:44.743] [WARN] warn - ruta '/api' metodo 'GET' no implementado
[2022-10-31T17:12:44.744] [WARN] warn - ruta '/api' metodo 'GET' no implementado
[2022-10-31T17:12:44.745] [WARN] warn - ruta '/api' metodo 'GET' no implementado
[2022-10-31T17:12:44.746] [WARN] warn - ruta '/api' metodo 'GET' no implementado
[2022-10-31T17:12:44.747] [WARN] warn - ruta '/api' metodo 'GET' no implementado
[2022-10-31T17:12:44.747] [WARN] warn - ruta '/api' metodo 'GET' no implementado
[2022-10-31T17:12:44.748] [WARN] warn - ruta '/api' metodo 'GET' no implementado
[2022-10-31T17:12:44.749] [WARN] warn - ruta '/api' metodo 'GET' no implementado
[2022-10-31T17:12:44.750] [WARN] warn - ruta '/api' metodo 'GET' no implementado
[2022-10-31T17:12:44.751] [WARN] warn - ruta '/api' metodo 'GET' no implementado
[2022-10-31T17:12:44.751] [WARN] warn - ruta '/api' metodo 'GET' no implementado
[2022-10-31T17:12:44.752] [WARN] warn - ruta '/api' metodo 'GET' no implementado
[2022-10-31T17:12:44.754] [WARN] warn - ruta '/api' metodo 'GET' no implementado
[2022-10-31T17:12:44.755] [WARN] warn - ruta '/api' metodo 'GET' no implementado
[2022-10-31T17:12:44.756] [WARN] warn - ruta '/api' metodo 'GET' no implementado
[2022-10-31T17:12:44.757] [WARN] warn - ruta '/api' metodo 'GET' no implementado
[2022-10-31T17:12:44.757] [WARN] warn - ruta '/api' metodo 'GET' no implementado
[2022-10-31T17:12:44.758] [WARN] warn - ruta '/api' metodo 'GET' no implementado
[2022-10-31T17:12:44.759] [WARN] warn - ruta '/api' metodo 'GET' no implementado
[2022-10-31T17:12:44.760] [WARN] warn - ruta '/api' metodo 'GET' no implementado
[2022-10-31T17:12:44.761] [WARN] warn - ruta '/api' metodo 'GET' no implementado
[2022-10-31T17:12:44.761] [WARN] warn - ruta '/api' metodo 'GET' no implementado
[2022-10-31T17:12:44.762] [WARN] warn - ruta '/api' metodo 'GET' no implementado
[2022-10-31T17:12:44.763] [WARN] warn - ruta '/api' metodo 'GET' no implementado
[2022-10-31T17:12:44.765] [WARN] warn - ruta '/api' metodo 'GET' no implementado
[2022-10-31T17:12:44.766] [WARN] warn - ruta '/api' metodo 'GET' no implementado
[2022-10-31T17:12:44.767] [WARN] warn - ruta '/api' metodo 'GET' no implementado
[2022-10-31T17:12:44.768] [WARN] warn - ruta '/api' metodo 'GET' no implementado
[2022-10-31T17:12:44.769] [WARN] warn - ruta '/api' metodo 'GET' no implementado
[2022-10-31T17:12:44.770] [WARN] warn - ruta '/api' metodo 'GET' no implementado
[2022-10-31T17:12:44.770] [WARN] warn - ruta '/api' metodo 'GET' no implementado
[2022-10-31T17:12:44.771] [WARN] warn - ruta '/api' metodo 'GET' no implementado
[2022-10-31T17:12:44.772] [WARN] warn - ruta '/api' metodo 'GET' no implementado
[2022-10-31T17:12:44.773] [WARN] warn - ruta '/api' metodo 'GET' no implementado
[2022-10-31T17:12:44.774] [WARN] warn - ruta '/api' metodo 'GET' no implementado
[2022-10-31T17:12:44.774] [WARN] warn - ruta '/api' metodo 'GET' no implementado
[2022-10-31T17:12:44.776] [WARN] warn - ruta '/api' metodo 'GET' no implementado
[2022-10-31T17:12:44.777] [WARN] warn - ruta '/api' metodo 'GET' no implementado
[2022-10-31T17:12:44.778] [WARN] warn - ruta '/api' metodo 'GET' no implementado
[2022-10-31T17:12:44.779] [WARN] warn - ruta '/api' metodo 'GET' no implementado
[2022-10-31T17:12:44.779] [WARN] warn - ruta '/api' metodo 'GET' no implementado
[2022-10-31T17:12:44.780] [WARN] warn - ruta '/api' metodo 'GET' no implementado
[2022-10-31T17:12:44.781] [WARN] warn - ruta '/api' metodo 'GET' no implementado
[2022-10-31T17:12:44.782] [WARN] warn - ruta '/api' metodo 'GET' no implementado
[2022-10-31T17:12:44.783] [WARN] warn - ruta '/api' metodo 'GET' no implementado
[2022-10-31T17:12:44.784] [WARN] warn - ruta '/api' metodo 'GET' no implementado
[2022-10-31T17:12:44.786] [WARN] warn - ruta '/api' metodo 'GET' no implementado
[2022-10-31T17:12:44.787] [WARN] warn - ruta '/api' metodo 'GET' no implementado
[2022-10-31T17:12:44.788] [WARN] warn - ruta '/api' metodo 'GET' no implementado
[2022-10-31T17:12:44.789] [WARN] warn - ruta '/api' metodo 'GET' no implementado
[2022-10-31T17:12:44.790] [WARN] warn - ruta '/api' metodo 'GET' no implementado
[2022-10-31T17:12:44.791] [WARN] warn - ruta '/api' metodo 'GET' no implementado
[2022-10-31T17:12:44.792] [WARN] warn - ruta '/api' metodo 'GET' no implementado
[2022-10-31T17:12:44.793] [WARN] warn - ruta '/api' metodo 'GET' no implementado
[2022-10-31T17:12:44.794] [WARN] warn - ruta '/api' metodo 'GET' no implementado
[2022-10-31T17:12:44.795] [WARN] warn - ruta '/api' metodo 'GET' no implementado
[2022-10-31T17:12:44.796] [WARN] warn - ruta '/api' metodo 'GET' no implementado
[2022-10-31T17:12:44.797] [WARN] warn - ruta '/api' metodo 'GET' no implementado
[2022-10-31T17:12:44.797] [WARN] warn - ruta '/api' metodo 'GET' no implementado
[2022-10-31T17:12:44.798] [WARN] warn - ruta '/api' metodo 'GET' no implementado
[2022-10-31T17:12:44.800] [WARN] warn - ruta '/api' metodo 'GET' no implementado
[2022-10-31T17:12:44.801] [WARN] warn - ruta '/api' metodo 'GET' no implementado
[2022-10-31T17:12:44.802] [WARN] warn - ruta '/api' metodo 'GET' no implementado
[2022-10-31T17:12:44.803] [WARN] warn - ruta '/api' metodo 'GET' no implementado
[2022-10-31T17:12:44.804] [WARN] warn - ruta '/api' metodo 'GET' no implementado
[2022-10-31T17:12:44.804] [WARN] warn - ruta '/api' metodo 'GET' no implementado
[2022-10-31T17:12:44.805] [WARN] warn - ruta '/api' metodo 'GET' no implementado
[2022-10-31T17:12:44.806] [WARN] warn - ruta '/api' metodo 'GET' no implementado
[2022-10-31T17:12:44.807] [WARN] warn - ruta '/api' metodo 'GET' no implementado
[2022-10-31T17:12:44.807] [WARN] warn - ruta '/api' metodo 'GET' no implementado
[2022-10-31T17:12:44.808] [WARN] warn - ruta '/api' metodo 'GET' no implementado
[2022-10-31T17:12:44.809] [WARN] warn - ruta '/api' metodo 'GET' no implementado
[2022-10-31T17:12:44.811] [WARN] warn - ruta '/api' metodo 'GET' no implementado
[2022-10-31T17:12:44.811] [WARN] warn - ruta '/api' metodo 'GET' no implementado
[2022-10-31T17:12:44.812] [WARN] warn - ruta '/api' metodo 'GET' no implementado
[2022-10-31T17:12:44.813] [WARN] warn - ruta '/api' metodo 'GET' no implementado
[2022-10-31T17:12:44.813] [WARN] warn - ruta '/api' metodo 'GET' no implementado
[2022-10-31T17:12:44.814] [WARN] warn - ruta '/api' metodo 'GET' no implementado
[2022-10-31T17:12:44.816] [WARN] warn - ruta '/api' metodo 'GET' no implementado
[2022-10-31T17:12:44.817] [WARN] warn - ruta '/api' metodo 'GET' no implementado
[2022-10-31T17:12:44.818] [WARN] warn - ruta '/api' metodo 'GET' no implementado
[2022-10-31T17:12:44.819] [WARN] warn - ruta '/api' metodo 'GET' no implementado
[2022-10-31T17:12:44.819] [WARN] warn - ruta '/api' metodo 'GET' no implementado
[2022-10-31T17:12:44.820] [WARN] warn - ruta '/api' metodo 'GET' no implementado
[2022-10-31T17:12:44.822] [WARN] warn - ruta '/api' metodo 'GET' no implementado
[2022-10-31T17:12:44.822] [WARN] warn - ruta '/api' metodo 'GET' no implementado
[2022-10-31T17:12:44.823] [WARN] warn - ruta '/api' metodo 'GET' no implementado
[2022-10-31T17:12:44.824] [WARN] warn - ruta '/api' metodo 'GET' no implementado
[2022-10-31T17:12:44.824] [WARN] warn - ruta '/api' metodo 'GET' no implementado
[2022-10-31T17:12:44.825] [WARN] warn - ruta '/api' metodo 'GET' no implementado
[2022-10-31T17:12:44.826] [WARN] warn - ruta '/api' metodo 'GET' no implementado
[2022-10-31T17:12:44.827] [WARN] warn - ruta '/api' metodo 'GET' no implementado
[2022-10-31T17:12:44.827] [WARN] warn - ruta '/api' metodo 'GET' no implementado
[2022-10-31T17:12:44.828] [WARN] warn - ruta '/api' metodo 'GET' no implementado
[2022-10-31T17:12:44.829] [WARN] warn - ruta '/api' metodo 'GET' no implementado
[2022-10-31T17:12:44.831] [WARN] warn - ruta '/api' metodo 'GET' no implementado
[2022-10-31T17:12:44.831] [WARN] warn - ruta '/api' metodo 'GET' no implementado
[2022-10-31T17:12:44.833] [WARN] warn - ruta '/api' metodo 'GET' no implementado
[2022-10-31T17:12:44.834] [WARN] warn - ruta '/api' metodo 'GET' no implementado
[2022-10-31T17:12:44.835] [WARN] warn - ruta '/api' metodo 'GET' no implementado
[2022-10-31T17:12:44.836] [WARN] warn - ruta '/api' metodo 'GET' no implementado
[2022-10-31T17:12:44.837] [WARN] warn - ruta '/api' metodo 'GET' no implementado
[2022-10-31T17:12:44.838] [WARN] warn - ruta '/api' metodo 'GET' no implementado
[2022-10-31T17:12:44.838] [WARN] warn - ruta '/api' metodo 'GET' no implementado
[2022-10-31T17:12:44.839] [WARN] warn - ruta '/api' metodo 'GET' no implementado
[2022-10-31T17:12:44.840] [WARN] warn - ruta '/api' metodo 'GET' no implementado
[2022-10-31T17:12:44.841] [WARN] warn - ruta '/api' metodo 'GET' no implementado
[2022-10-31T17:12:44.841] [WARN] warn - ruta '/api' metodo 'GET' no implementado
[2022-10-31T17:12:44.842] [WARN] warn - ruta '/api' metodo 'GET' no implementado
[2022-10-31T17:12:44.843] [WARN] warn - ruta '/api' metodo 'GET' no implementado
[2022-10-31T17:12:44.844] [WARN] warn - ruta '/api' metodo 'GET' no implementado
[2022-10-31T17:12:44.845] [WARN] warn - ruta '/api' metodo 'GET' no implementado
[2022-10-31T17:12:44.846] [WARN] warn - ruta '/api' metodo 'GET' no implementado
[2022-10-31T17:12:44.847] [WARN] warn - ruta '/api' metodo 'GET' no implementado
[2022-10-31T17:12:44.848] [WARN] warn - ruta '/api' metodo 'GET' no implementado
[2022-10-31T17:12:44.850] [WARN] warn - ruta '/api' metodo 'GET' no implementado
[2022-10-31T17:12:44.851] [WARN] warn - ruta '/api' metodo 'GET' no implementado
[2022-10-31T17:12:44.852] [WARN] warn - ruta '/api' metodo 'GET' no implementado
[2022-10-31T17:12:44.853] [WARN] warn - ruta '/api' metodo 'GET' no implementado
[2022-10-31T17:12:44.853] [WARN] warn - ruta '/api' metodo 'GET' no implementado
[2022-10-31T17:12:44.855] [WARN] warn - ruta '/api' metodo 'GET' no implementado
[2022-10-31T17:12:44.856] [WARN] warn - ruta '/api' metodo 'GET' no implementado
[2022-10-31T17:12:44.857] [WARN] warn - ruta '/api' metodo 'GET' no implementado
[2022-10-31T17:12:44.858] [WARN] warn - ruta '/api' metodo 'GET' no implementado
[2022-10-31T17:12:44.859] [WARN] warn - ruta '/api' metodo 'GET' no implementado
[2022-10-31T17:12:44.862] [WARN] warn - ruta '/api' metodo 'GET' no implementado
[2022-10-31T17:12:44.863] [WARN] warn - ruta '/api' metodo 'GET' no implementado
[2022-10-31T17:12:44.864] [WARN] warn - ruta '/api' metodo 'GET' no implementado
[2022-10-31T17:12:44.865] [WARN] warn - ruta '/api' metodo 'GET' no implementado
[2022-10-31T17:12:44.866] [WARN] warn - ruta '/api' metodo 'GET' no implementado
[2022-10-31T17:12:44.867] [WARN] warn - ruta '/api' metodo 'GET' no implementado
[2022-10-31T17:12:44.868] [WARN] warn - ruta '/api' metodo 'GET' no implementado
[2022-10-31T17:12:44.869] [WARN] warn - ruta '/api' metodo 'GET' no implementado
[2022-10-31T17:12:44.870] [WARN] warn - ruta '/api' metodo 'GET' no implementado
[2022-10-31T17:12:44.872] [WARN] warn - ruta '/api' metodo 'GET' no implementado
[2022-10-31T17:12:44.873] [WARN] warn - ruta '/api' metodo 'GET' no implementado
[2022-10-31T17:12:44.874] [WARN] warn - ruta '/api' metodo 'GET' no implementado
[2022-10-31T17:12:44.876] [WARN] warn - ruta '/api' metodo 'GET' no implementado
[2022-10-31T17:12:44.877] [WARN] warn - ruta '/api' metodo 'GET' no implementado
[2022-10-31T17:12:44.878] [WARN] warn - ruta '/api' metodo 'GET' no implementado
[2022-10-31T17:12:44.879] [WARN] warn - ruta '/api' metodo 'GET' no implementado
[2022-10-31T17:12:44.883] [WARN] warn - ruta '/api' metodo 'GET' no implementado
[2022-10-31T17:12:44.884] [WARN] warn - ruta '/api' metodo 'GET' no implementado
[2022-10-31T17:12:44.885] [WARN] warn - ruta '/api' metodo 'GET' no implementado
[2022-10-31T17:12:44.890] [WARN] warn - ruta '/api' metodo 'GET' no implementado
[2022-10-31T17:12:44.891] [WARN] warn - ruta '/api' metodo 'GET' no implementado
[2022-10-31T17:12:44.893] [WARN] warn - ruta '/api' metodo 'GET' no implementado
[2022-10-31T17:12:44.895] [WARN] warn - ruta '/api' metodo 'GET' no implementado
[2022-10-31T17:12:44.897] [WARN] warn - ruta '/api' metodo 'GET' no implementado
[2022-10-31T17:12:44.898] [WARN] warn - ruta '/api' metodo 'GET' no implementado
[2022-10-31T17:12:44.900] [WARN] warn - ruta '/api' metodo 'GET' no implementado
[2022-10-31T17:12:44.901] [WARN] warn - ruta '/api' metodo 'GET' no implementado
[2022-10-31T17:12:44.902] [WARN] warn - ruta '/api' metodo 'GET' no implementado
[2022-10-31T17:12:44.903] [WARN] warn - ruta '/api' metodo 'GET' no implementado
[2022-10-31T17:12:44.903] [WARN] warn - ruta '/api' metodo 'GET' no implementado
[2022-10-31T17:12:44.904] [WARN] warn - ruta '/api' metodo 'GET' no implementado
[2022-10-31T17:12:44.905] [WARN] warn - ruta '/api' metodo 'GET' no implementado
[2022-10-31T17:12:44.906] [WARN] warn - ruta '/api' metodo 'GET' no implementado
[2022-10-31T17:12:44.907] [WARN] warn - ruta '/api' metodo 'GET' no implementado
[2022-10-31T17:12:44.908] [WARN] warn - ruta '/api' metodo 'GET' no implementado
[2022-10-31T17:12:44.909] [WARN] warn - ruta '/api' metodo 'GET' no implementado
[2022-10-31T17:12:44.910] [WARN] warn - ruta '/api' metodo 'GET' no implementado
[2022-10-31T17:12:44.910] [WARN] warn - ruta '/api' metodo 'GET' no implementado
[2022-10-31T17:12:44.911] [WARN] warn - ruta '/api' metodo 'GET' no implementado
[2022-10-31T17:12:44.912] [WARN] warn - ruta '/api' metodo 'GET' no implementado
[2022-10-31T17:12:44.913] [WARN] warn - ruta '/api' metodo 'GET' no implementado
[2022-10-31T17:12:44.914] [WARN] warn - ruta '/api' metodo 'GET' no implementado
[2022-10-31T17:12:44.915] [WARN] warn - ruta '/api' metodo 'GET' no implementado
[2022-10-31T17:12:44.916] [WARN] warn - ruta '/api' metodo 'GET' no implementado
[2022-10-31T17:12:44.917] [WARN] warn - ruta '/api' metodo 'GET' no implementado
[2022-10-31T17:12:44.917] [WARN] warn - ruta '/api' metodo 'GET' no implementado
[2022-10-31T17:12:44.918] [WARN] warn - ruta '/api' metodo 'GET' no implementado
[2022-10-31T17:12:44.919] [WARN] warn - ruta '/api' metodo 'GET' no implementado
[2022-10-31T17:12:44.920] [WARN] warn - ruta '/api' metodo 'GET' no implementado
[2022-10-31T17:12:44.922] [WARN] warn - ruta '/api' metodo 'GET' no implementado
[2022-10-31T17:12:44.923] [WARN] warn - ruta '/api' metodo 'GET' no implementado
[2022-10-31T17:12:44.924] [WARN] warn - ruta '/api' metodo 'GET' no implementado
[2022-10-31T17:12:44.925] [WARN] warn - ruta '/api' metodo 'GET' no implementado
[2022-10-31T17:12:44.926] [WARN] warn - ruta '/api' metodo 'GET' no implementado
[2022-10-31T17:12:44.928] [WARN] warn - ruta '/api' metodo 'GET' no implementado
[2022-10-31T17:12:44.929] [WARN] warn - ruta '/api' metodo 'GET' no implementado
[2022-10-31T17:12:44.930] [WARN] warn - ruta '/api' metodo 'GET' no implementado
[2022-10-31T17:12:44.931] [WARN] warn - ruta '/api' metodo 'GET' no implementado
[2022-10-31T17:12:44.932] [WARN] warn - ruta '/api' metodo 'GET' no implementado
[2022-10-31T17:12:44.933] [WARN] warn - ruta '/api' metodo 'GET' no implementado
[2022-10-31T17:12:44.934] [WARN] warn - ruta '/api' metodo 'GET' no implementado
[2022-10-31T17:12:44.935] [WARN] warn - ruta '/api' metodo 'GET' no implementado
[2022-10-31T17:12:44.935] [WARN] warn - ruta '/api' metodo 'GET' no implementado
[2022-10-31T17:12:44.937] [WARN] warn - ruta '/api' metodo 'GET' no implementado
[2022-10-31T17:12:44.938] [WARN] warn - ruta '/api' metodo 'GET' no implementado
[2022-10-31T17:12:44.939] [WARN] warn - ruta '/api' metodo 'GET' no implementado
[2022-10-31T17:12:44.940] [WARN] warn - ruta '/api' metodo 'GET' no implementado
[2022-10-31T17:12:44.949] [WARN] warn - ruta '/api' metodo 'GET' no implementado
[2022-10-31T17:12:44.950] [WARN] warn - ruta '/api' metodo 'GET' no implementado
[2022-10-31T17:12:44.950] [WARN] warn - ruta '/api' metodo 'GET' no implementado
[2022-10-31T17:12:44.951] [WARN] warn - ruta '/api' metodo 'GET' no implementado
[2022-10-31T17:12:44.952] [WARN] warn - ruta '/api' metodo 'GET' no implementado
[2022-10-31T17:12:44.952] [WARN] warn - ruta '/api' metodo 'GET' no implementado
[2022-10-31T17:12:44.953] [WARN] warn - ruta '/api' metodo 'GET' no implementado
[2022-10-31T17:12:44.955] [WARN] warn - ruta '/api' metodo 'GET' no implementado
[2022-10-31T17:12:44.955] [WARN] warn - ruta '/api' metodo 'GET' no implementado
[2022-10-31T17:12:44.956] [WARN] warn - ruta '/api' metodo 'GET' no implementado
[2022-10-31T17:12:44.957] [WARN] warn - ruta '/api' metodo 'GET' no implementado
[2022-10-31T17:12:44.957] [WARN] warn - ruta '/api' metodo 'GET' no implementado
[2022-10-31T17:12:44.958] [WARN] warn - ruta '/api' metodo 'GET' no implementado
[2022-10-31T17:12:44.958] [WARN] warn - ruta '/api' metodo 'GET' no implementado
[2022-10-31T17:12:44.959] [WARN] warn - ruta '/api' metodo 'GET' no implementado
[2022-10-31T17:12:44.960] [WARN] warn - ruta '/api' metodo 'GET' no implementado
[2022-10-31T17:12:44.961] [WARN] warn - ruta '/api' metodo 'GET' no implementado
[2022-10-31T17:12:44.962] [WARN] warn - ruta '/api' metodo 'GET' no implementado
[2022-10-31T17:12:44.962] [WARN] warn - ruta '/api' metodo 'GET' no implementado
[2022-10-31T17:12:44.963] [WARN] warn - ruta '/api' metodo 'GET' no implementado
[2022-10-31T17:12:44.963] [WARN] warn - ruta '/api' metodo 'GET' no implementado
[2022-10-31T17:12:44.964] [WARN] warn - ruta '/api' metodo 'GET' no implementado
[2022-10-31T17:12:44.965] [WARN] warn - ruta '/api' metodo 'GET' no implementado
[2022-10-31T17:12:44.965] [WARN] warn - ruta '/api' metodo 'GET' no implementado
[2022-10-31T17:12:44.966] [WARN] warn - ruta '/api' metodo 'GET' no implementado
[2022-10-31T17:12:44.967] [WARN] warn - ruta '/api' metodo 'GET' no implementado
[2022-10-31T17:12:44.968] [WARN] warn - ruta '/api' metodo 'GET' no implementado
[2022-10-31T17:12:44.968] [WARN] warn - ruta '/api' metodo 'GET' no implementado
[2022-10-31T17:12:44.969] [WARN] warn - ruta '/api' metodo 'GET' no implementado
[2022-10-31T17:12:44.970] [WARN] warn - ruta '/api' metodo 'GET' no implementado
[2022-10-31T17:12:44.971] [WARN] warn - ruta '/api' metodo 'GET' no implementado
[2022-10-31T17:12:44.971] [WARN] warn - ruta '/api' metodo 'GET' no implementado
[2022-10-31T17:12:44.972] [WARN] warn - ruta '/api' metodo 'GET' no implementado
[2022-10-31T17:12:44.973] [WARN] warn - ruta '/api' metodo 'GET' no implementado
[2022-10-31T17:12:44.973] [WARN] warn - ruta '/api' metodo 'GET' no implementado
[2022-10-31T17:12:44.974] [WARN] warn - ruta '/api' metodo 'GET' no implementado
[2022-10-31T17:12:44.975] [WARN] warn - ruta '/api' metodo 'GET' no implementado
[2022-10-31T17:12:44.975] [WARN] warn - ruta '/api' metodo 'GET' no implementado
[2022-10-31T17:12:44.976] [WARN] warn - ruta '/api' metodo 'GET' no implementado
[2022-10-31T17:12:44.977] [WARN] warn - ruta '/api' metodo 'GET' no implementado
[2022-10-31T17:12:44.977] [WARN] warn - ruta '/api' metodo 'GET' no implementado
[2022-10-31T17:12:44.978] [WARN] warn - ruta '/api' metodo 'GET' no implementado
[2022-10-31T17:12:44.978] [WARN] warn - ruta '/api' metodo 'GET' no implementado
[2022-10-31T17:12:44.979] [WARN] warn - ruta '/api' metodo 'GET' no implementado
[2022-10-31T17:12:44.980] [WARN] warn - ruta '/api' metodo 'GET' no implementado
[2022-10-31T17:12:44.980] [WARN] warn - ruta '/api' metodo 'GET' no implementado
[2022-10-31T17:12:44.981] [WARN] warn - ruta '/api' metodo 'GET' no implementado
[2022-10-31T17:12:44.981] [WARN] warn - ruta '/api' metodo 'GET' no implementado
[2022-10-31T17:12:44.982] [WARN] warn - ruta '/api' metodo 'GET' no implementado
[2022-10-31T17:12:44.983] [WARN] warn - ruta '/api' metodo 'GET' no implementado
[2022-10-31T17:12:44.984] [WARN] warn - ruta '/api' metodo 'GET' no implementado
[2022-10-31T17:12:44.984] [WARN] warn - ruta '/api' metodo 'GET' no implementado
[2022-10-31T17:12:44.985] [WARN] warn - ruta '/api' metodo 'GET' no implementado
[2022-10-31T17:12:44.986] [WARN] warn - ruta '/api' metodo 'GET' no implementado
[2022-10-31T17:12:44.986] [WARN] warn - ruta '/api' metodo 'GET' no implementado
[2022-10-31T17:12:44.987] [WARN] warn - ruta '/api' metodo 'GET' no implementado
[2022-10-31T17:12:44.988] [WARN] warn - ruta '/api' metodo 'GET' no implementado
[2022-10-31T17:12:44.988] [WARN] warn - ruta '/api' metodo 'GET' no implementado
[2022-10-31T17:12:44.989] [WARN] warn - ruta '/api' metodo 'GET' no implementado
[2022-10-31T17:12:44.990] [WARN] warn - ruta '/api' metodo 'GET' no implementado
[2022-10-31T17:12:44.990] [WARN] warn - ruta '/api' metodo 'GET' no implementado
[2022-10-31T17:12:44.991] [WARN] warn - ruta '/api' metodo 'GET' no implementado
[2022-10-31T17:12:44.991] [WARN] warn - ruta '/api' metodo 'GET' no implementado
[2022-10-31T17:12:44.992] [WARN] warn - ruta '/api' metodo 'GET' no implementado
[2022-10-31T17:12:44.993] [WARN] warn - ruta '/api' metodo 'GET' no implementado
[2022-10-31T17:12:44.993] [WARN] warn - ruta '/api' metodo 'GET' no implementado
[2022-10-31T17:12:44.994] [WARN] warn - ruta '/api' metodo 'GET' no implementado
[2022-10-31T17:12:44.995] [WARN] warn - ruta '/api' metodo 'GET' no implementado
[2022-10-31T17:12:44.995] [WARN] warn - ruta '/api' metodo 'GET' no implementado
[2022-10-31T17:12:44.997] [WARN] warn - ruta '/api' metodo 'GET' no implementado
[2022-10-31T17:12:44.998] [WARN] warn - ruta '/api' metodo 'GET' no implementado
[2022-10-31T17:12:44.998] [WARN] warn - ruta '/api' metodo 'GET' no implementado
[2022-10-31T17:12:44.999] [WARN] warn - ruta '/api' metodo 'GET' no implementado
[2022-10-31T17:12:44.999] [WARN] warn - ruta '/api' metodo 'GET' no implementado
[2022-10-31T17:12:45.000] [WARN] warn - ruta '/api' metodo 'GET' no implementado
[2022-10-31T17:12:45.001] [WARN] warn - ruta '/api' metodo 'GET' no implementado
[2022-10-31T17:12:45.002] [WARN] warn - ruta '/api' metodo 'GET' no implementado
[2022-10-31T17:12:45.003] [WARN] warn - ruta '/api' metodo 'GET' no implementado
[2022-10-31T17:12:45.003] [WARN] warn - ruta '/api' metodo 'GET' no implementado
[2022-10-31T17:12:45.004] [WARN] warn - ruta '/api' metodo 'GET' no implementado
[2022-10-31T17:12:45.005] [WARN] warn - ruta '/api' metodo 'GET' no implementado
[2022-10-31T17:12:45.005] [WARN] warn - ruta '/api' metodo 'GET' no implementado
[2022-10-31T17:12:45.006] [WARN] warn - ruta '/api' metodo 'GET' no implementado
[2022-10-31T17:12:45.007] [WARN] warn - ruta '/api' metodo 'GET' no implementado
[2022-10-31T17:12:45.007] [WARN] warn - ruta '/api' metodo 'GET' no implementado
[2022-10-31T17:12:45.008] [WARN] warn - ruta '/api' metodo 'GET' no implementado
[2022-10-31T17:12:45.009] [WARN] warn - ruta '/api' metodo 'GET' no implementado
[2022-10-31T17:12:45.010] [WARN] warn - ruta '/api' metodo 'GET' no implementado
[2022-10-31T17:12:45.010] [WARN] warn - ruta '/api' metodo 'GET' no implementado
[2022-10-31T17:12:45.011] [WARN] warn - ruta '/api' metodo 'GET' no implementado
[2022-10-31T17:12:45.012] [WARN] warn - ruta '/api' metodo 'GET' no implementado
[2022-10-31T17:12:45.013] [WARN] warn - ruta '/api' metodo 'GET' no implementado
[2022-10-31T17:12:45.014] [WARN] warn - ruta '/api' metodo 'GET' no implementado
[2022-10-31T17:12:45.014] [WARN] warn - ruta '/api' metodo 'GET' no implementado
[2022-10-31T17:12:45.015] [WARN] warn - ruta '/api' metodo 'GET' no implementado
[2022-10-31T17:12:45.016] [WARN] warn - ruta '/api' metodo 'GET' no implementado
[2022-10-31T17:12:45.017] [WARN] warn - ruta '/api' metodo 'GET' no implementado
[2022-10-31T17:12:45.018] [WARN] warn - ruta '/api' metodo 'GET' no implementado
[2022-10-31T17:12:45.019] [WARN] warn - ruta '/api' metodo 'GET' no implementado
[2022-10-31T17:12:45.020] [WARN] warn - ruta '/api' metodo 'GET' no implementado
[2022-10-31T17:12:45.020] [WARN] warn - ruta '/api' metodo 'GET' no implementado
[2022-10-31T17:12:45.021] [WARN] warn - ruta '/api' metodo 'GET' no implementado
[2022-10-31T17:12:45.022] [WARN] warn - ruta '/api' metodo 'GET' no implementado
[2022-10-31T17:12:45.022] [WARN] warn - ruta '/api' metodo 'GET' no implementado
[2022-10-31T17:12:45.023] [WARN] warn - ruta '/api' metodo 'GET' no implementado
[2022-10-31T17:12:45.024] [WARN] warn - ruta '/api' metodo 'GET' no implementado
[2022-10-31T17:12:45.024] [WARN] warn - ruta '/api' metodo 'GET' no implementado
[2022-10-31T17:12:45.025] [WARN] warn - ruta '/api' metodo 'GET' no implementado
[2022-10-31T17:12:45.026] [WARN] warn - ruta '/api' metodo 'GET' no implementado
[2022-10-31T17:12:45.027] [WARN] warn - ruta '/api' metodo 'GET' no implementado
[2022-10-31T17:12:45.027] [WARN] warn - ruta '/api' metodo 'GET' no implementado
[2022-10-31T17:12:45.028] [WARN] warn - ruta '/api' metodo 'GET' no implementado
[2022-10-31T17:12:45.030] [WARN] warn - ruta '/api' metodo 'GET' no implementado
[2022-10-31T17:12:45.031] [WARN] warn - ruta '/api' metodo 'GET' no implementado
[2022-10-31T17:12:45.031] [WARN] warn - ruta '/api' metodo 'GET' no implementado
[2022-10-31T17:12:45.032] [WARN] warn - ruta '/api' metodo 'GET' no implementado
[2022-10-31T17:12:45.033] [WARN] warn - ruta '/api' metodo 'GET' no implementado
[2022-10-31T17:12:45.033] [WARN] warn - ruta '/api' metodo 'GET' no implementado
[2022-10-31T17:12:45.035] [WARN] warn - ruta '/api' metodo 'GET' no implementado
[2022-10-31T17:12:45.037] [WARN] warn - ruta '/api' metodo 'GET' no implementado
[2022-10-31T17:12:45.038] [WARN] warn - ruta '/api' metodo 'GET' no implementado
[2022-10-31T17:12:45.039] [WARN] warn - ruta '/api' metodo 'GET' no implementado
[2022-10-31T17:12:45.040] [WARN] warn - ruta '/api' metodo 'GET' no implementado
[2022-10-31T17:12:45.041] [WARN] warn - ruta '/api' metodo 'GET' no implementado
[2022-10-31T17:12:45.042] [WARN] warn - ruta '/api' metodo 'GET' no implementado
[2022-10-31T17:12:45.042] [WARN] warn - ruta '/api' metodo 'GET' no implementado
[2022-10-31T17:12:45.043] [WARN] warn - ruta '/api' metodo 'GET' no implementado
[2022-10-31T17:12:45.044] [WARN] warn - ruta '/api' metodo 'GET' no implementado
[2022-10-31T17:12:45.045] [WARN] warn - ruta '/api' metodo 'GET' no implementado
[2022-10-31T17:12:45.046] [WARN] warn - ruta '/api' metodo 'GET' no implementado
[2022-10-31T17:12:45.047] [WARN] warn - ruta '/api' metodo 'GET' no implementado
[2022-10-31T17:12:45.048] [WARN] warn - ruta '/api' metodo 'GET' no implementado
[2022-10-31T17:12:45.048] [WARN] warn - ruta '/api' metodo 'GET' no implementado
[2022-10-31T17:12:45.049] [WARN] warn - ruta '/api' metodo 'GET' no implementado
[2022-10-31T17:12:45.050] [WARN] warn - ruta '/api' metodo 'GET' no implementado
[2022-10-31T17:12:45.051] [WARN] warn - ruta '/api' metodo 'GET' no implementado
[2022-10-31T17:12:45.052] [WARN] warn - ruta '/api' metodo 'GET' no implementado
[2022-10-31T17:12:45.053] [WARN] warn - ruta '/api' metodo 'GET' no implementado
[2022-10-31T17:12:45.054] [WARN] warn - ruta '/api' metodo 'GET' no implementado
[2022-10-31T17:12:45.054] [WARN] warn - ruta '/api' metodo 'GET' no implementado
[2022-10-31T17:12:45.055] [WARN] warn - ruta '/api' metodo 'GET' no implementado
[2022-10-31T17:12:45.056] [WARN] warn - ruta '/api' metodo 'GET' no implementado
[2022-10-31T17:12:45.057] [WARN] warn - ruta '/api' metodo 'GET' no implementado
[2022-10-31T17:12:45.058] [WARN] warn - ruta '/api' metodo 'GET' no implementado
[2022-10-31T17:12:45.059] [WARN] warn - ruta '/api' metodo 'GET' no implementado
[2022-10-31T17:12:45.060] [WARN] warn - ruta '/api' metodo 'GET' no implementado
[2022-10-31T17:12:45.061] [WARN] warn - ruta '/api' metodo 'GET' no implementado
[2022-10-31T17:12:45.062] [WARN] warn - ruta '/api' metodo 'GET' no implementado
[2022-10-31T17:12:45.063] [WARN] warn - ruta '/api' metodo 'GET' no implementado
[2022-10-31T17:12:45.063] [WARN] warn - ruta '/api' metodo 'GET' no implementado
[2022-10-31T17:12:45.064] [WARN] warn - ruta '/api' metodo 'GET' no implementado
[2022-10-31T17:12:45.066] [WARN] warn - ruta '/api' metodo 'GET' no implementado
[2022-10-31T17:12:45.067] [WARN] warn - ruta '/api' metodo 'GET' no implementado
[2022-10-31T17:12:45.068] [WARN] warn - ruta '/api' metodo 'GET' no implementado
[2022-10-31T17:12:45.069] [WARN] warn - ruta '/api' metodo 'GET' no implementado
[2022-10-31T17:12:45.070] [WARN] warn - ruta '/api' metodo 'GET' no implementado
[2022-10-31T17:12:45.072] [WARN] warn - ruta '/api' metodo 'GET' no implementado
[2022-10-31T17:12:45.073] [WARN] warn - ruta '/api' metodo 'GET' no implementado
[2022-10-31T17:12:45.074] [WARN] warn - ruta '/api' metodo 'GET' no implementado
[2022-10-31T17:12:45.075] [WARN] warn - ruta '/api' metodo 'GET' no implementado
[2022-10-31T17:12:45.076] [WARN] warn - ruta '/api' metodo 'GET' no implementado
[2022-10-31T17:12:45.076] [WARN] warn - ruta '/api' metodo 'GET' no implementado
[2022-10-31T17:12:45.083] [WARN] warn - ruta '/api' metodo 'GET' no implementado
[2022-10-31T17:12:45.084] [WARN] warn - ruta '/api' metodo 'GET' no implementado
[2022-10-31T17:12:45.085] [WARN] warn - ruta '/api' metodo 'GET' no implementado
[2022-10-31T17:12:45.087] [WARN] warn - ruta '/api' metodo 'GET' no implementado
[2022-10-31T17:12:45.087] [WARN] warn - ruta '/api' metodo 'GET' no implementado
[2022-10-31T17:12:45.088] [WARN] warn - ruta '/api' metodo 'GET' no implementado
[2022-10-31T17:12:45.089] [WARN] warn - ruta '/api' metodo 'GET' no implementado
[2022-10-31T17:12:45.089] [WARN] warn - ruta '/api' metodo 'GET' no implementado
[2022-10-31T17:12:45.090] [WARN] warn - ruta '/api' metodo 'GET' no implementado
[2022-10-31T17:12:45.091] [WARN] warn - ruta '/api' metodo 'GET' no implementado
[2022-10-31T17:12:45.091] [WARN] warn - ruta '/api' metodo 'GET' no implementado
[2022-10-31T17:12:45.092] [WARN] warn - ruta '/api' metodo 'GET' no implementado
[2022-10-31T17:12:45.093] [WARN] warn - ruta '/api' metodo 'GET' no implementado
[2022-10-31T17:12:45.094] [WARN] warn - ruta '/api' metodo 'GET' no implementado
[2022-10-31T17:12:45.095] [WARN] warn - ruta '/api' metodo 'GET' no implementado
[2022-10-31T17:12:45.096] [WARN] warn - ruta '/api' metodo 'GET' no implementado
[2022-10-31T17:12:45.097] [WARN] warn - ruta '/api' metodo 'GET' no implementado
[2022-10-31T17:12:45.098] [WARN] warn - ruta '/api' metodo 'GET' no implementado
[2022-10-31T17:12:45.098] [WARN] warn - ruta '/api' metodo 'GET' no implementado
[2022-10-31T17:12:45.099] [WARN] warn - ruta '/api' metodo 'GET' no implementado
[2022-10-31T17:12:45.100] [WARN] warn - ruta '/api' metodo 'GET' no implementado
[2022-10-31T17:12:45.101] [WARN] warn - ruta '/api' metodo 'GET' no implementado
[2022-10-31T17:12:45.102] [WARN] warn - ruta '/api' metodo 'GET' no implementado
[2022-10-31T17:12:45.102] [WARN] warn - ruta '/api' metodo 'GET' no implementado
[2022-10-31T17:12:45.103] [WARN] warn - ruta '/api' metodo 'GET' no implementado
[2022-10-31T17:12:45.104] [WARN] warn - ruta '/api' metodo 'GET' no implementado
[2022-10-31T17:12:45.104] [WARN] warn - ruta '/api' metodo 'GET' no implementado
[2022-10-31T17:12:45.105] [WARN] warn - ruta '/api' metodo 'GET' no implementado
[2022-10-31T17:12:45.106] [WARN] warn - ruta '/api' metodo 'GET' no implementado
[2022-10-31T17:12:45.107] [WARN] warn - ruta '/api' metodo 'GET' no implementado
[2022-10-31T17:12:45.108] [WARN] warn - ruta '/api' metodo 'GET' no implementado
[2022-10-31T17:12:45.108] [WARN] warn - ruta '/api' metodo 'GET' no implementado
[2022-10-31T17:12:45.109] [WARN] warn - ruta '/api' metodo 'GET' no implementado
[2022-10-31T17:12:45.110] [WARN] warn - ruta '/api' metodo 'GET' no implementado
[2022-10-31T17:12:45.111] [WARN] warn - ruta '/api' metodo 'GET' no implementado
[2022-10-31T17:12:45.111] [WARN] warn - ruta '/api' metodo 'GET' no implementado
[2022-10-31T17:12:45.112] [WARN] warn - ruta '/api' metodo 'GET' no implementado
[2022-10-31T17:12:45.113] [WARN] warn - ruta '/api' metodo 'GET' no implementado
[2022-10-31T17:12:45.114] [WARN] warn - ruta '/api' metodo 'GET' no implementado
[2022-10-31T17:12:45.117] [WARN] warn - ruta '/api' metodo 'GET' no implementado
[2022-10-31T17:12:45.118] [WARN] warn - ruta '/api' metodo 'GET' no implementado
[2022-10-31T17:12:45.119] [WARN] warn - ruta '/api' metodo 'GET' no implementado
[2022-10-31T17:12:45.120] [WARN] warn - ruta '/api' metodo 'GET' no implementado
[2022-10-31T17:12:45.121] [WARN] warn - ruta '/api' metodo 'GET' no implementado
[2022-10-31T17:12:45.122] [WARN] warn - ruta '/api' metodo 'GET' no implementado
[2022-10-31T17:12:45.123] [WARN] warn - ruta '/api' metodo 'GET' no implementado
[2022-10-31T17:12:45.124] [WARN] warn - ruta '/api' metodo 'GET' no implementado
[2022-10-31T17:12:45.125] [WARN] warn - ruta '/api' metodo 'GET' no implementado
[2022-10-31T17:12:45.126] [WARN] warn - ruta '/api' metodo 'GET' no implementado
[2022-10-31T17:12:45.127] [WARN] warn - ruta '/api' metodo 'GET' no implementado
[2022-10-31T17:12:45.128] [WARN] warn - ruta '/api' metodo 'GET' no implementado
[2022-10-31T17:12:45.129] [WARN] warn - ruta '/api' metodo 'GET' no implementado
[2022-10-31T17:12:45.130] [WARN] warn - ruta '/api' metodo 'GET' no implementado
[2022-10-31T17:12:45.131] [WARN] warn - ruta '/api' metodo 'GET' no implementado
[2022-10-31T17:12:45.132] [WARN] warn - ruta '/api' metodo 'GET' no implementado
[2022-10-31T17:12:45.132] [WARN] warn - ruta '/api' metodo 'GET' no implementado
[2022-10-31T17:12:45.133] [WARN] warn - ruta '/api' metodo 'GET' no implementado
[2022-10-31T17:12:45.134] [WARN] warn - ruta '/api' metodo 'GET' no implementado
[2022-10-31T17:12:45.135] [WARN] warn - ruta '/api' metodo 'GET' no implementado
[2022-10-31T17:12:45.136] [WARN] warn - ruta '/api' metodo 'GET' no implementado
[2022-10-31T17:12:45.137] [WARN] warn - ruta '/api' metodo 'GET' no implementado
[2022-10-31T17:12:45.137] [WARN] warn - ruta '/api' metodo 'GET' no implementado
[2022-10-31T17:12:45.138] [WARN] warn - ruta '/api' metodo 'GET' no implementado
[2022-10-31T17:12:45.139] [WARN] warn - ruta '/api' metodo 'GET' no implementado
[2022-10-31T17:12:45.139] [WARN] warn - ruta '/api' metodo 'GET' no implementado
[2022-10-31T17:12:45.140] [WARN] warn - ruta '/api' metodo 'GET' no implementado
[2022-10-31T17:12:45.140] [WARN] warn - ruta '/api' metodo 'GET' no implementado
[2022-10-31T17:12:45.141] [WARN] warn - ruta '/api' metodo 'GET' no implementado
[2022-10-31T17:12:45.142] [WARN] warn - ruta '/api' metodo 'GET' no implementado
[2022-10-31T17:12:45.143] [WARN] warn - ruta '/api' metodo 'GET' no implementado
[2022-10-31T17:12:45.143] [WARN] warn - ruta '/api' metodo 'GET' no implementado
[2022-10-31T17:12:45.144] [WARN] warn - ruta '/api' metodo 'GET' no implementado
[2022-10-31T17:12:45.144] [WARN] warn - ruta '/api' metodo 'GET' no implementado
[2022-10-31T17:12:45.145] [WARN] warn - ruta '/api' metodo 'GET' no implementado
[2022-10-31T17:12:45.146] [WARN] warn - ruta '/api' metodo 'GET' no implementado
[2022-10-31T17:12:45.146] [WARN] warn - ruta '/api' metodo 'GET' no implementado
[2022-10-31T17:12:45.147] [WARN] warn - ruta '/api' metodo 'GET' no implementado
[2022-10-31T17:12:45.148] [WARN] warn - ruta '/api' metodo 'GET' no implementado
[2022-10-31T17:12:45.149] [WARN] warn - ruta '/api' metodo 'GET' no implementado
[2022-10-31T17:12:45.149] [WARN] warn - ruta '/api' metodo 'GET' no implementado
[2022-10-31T17:12:45.150] [WARN] warn - ruta '/api' metodo 'GET' no implementado
[2022-10-31T17:12:45.151] [WARN] warn - ruta '/api' metodo 'GET' no implementado
[2022-10-31T17:12:45.151] [WARN] warn - ruta '/api' metodo 'GET' no implementado
[2022-10-31T17:12:45.152] [WARN] warn - ruta '/api' metodo 'GET' no implementado
[2022-10-31T17:12:45.152] [WARN] warn - ruta '/api' metodo 'GET' no implementado
[2022-10-31T17:12:45.153] [WARN] warn - ruta '/api' metodo 'GET' no implementado
[2022-10-31T17:12:45.154] [WARN] warn - ruta '/api' metodo 'GET' no implementado
[2022-10-31T17:12:45.154] [WARN] warn - ruta '/api' metodo 'GET' no implementado
[2022-10-31T17:12:45.155] [WARN] warn - ruta '/api' metodo 'GET' no implementado
[2022-10-31T17:12:45.156] [WARN] warn - ruta '/api' metodo 'GET' no implementado
[2022-10-31T17:12:45.157] [WARN] warn - ruta '/api' metodo 'GET' no implementado
[2022-10-31T17:12:45.157] [WARN] warn - ruta '/api' metodo 'GET' no implementado
[2022-10-31T17:12:45.158] [WARN] warn - ruta '/api' metodo 'GET' no implementado
[2022-10-31T17:12:45.159] [WARN] warn - ruta '/api' metodo 'GET' no implementado
[2022-10-31T17:12:45.159] [WARN] warn - ruta '/api' metodo 'GET' no implementado
[2022-10-31T17:12:45.161] [WARN] warn - ruta '/api' metodo 'GET' no implementado
[2022-10-31T17:12:45.161] [WARN] warn - ruta '/api' metodo 'GET' no implementado
[2022-10-31T17:12:45.162] [WARN] warn - ruta '/api' metodo 'GET' no implementado
[2022-10-31T17:12:45.163] [WARN] warn - ruta '/api' metodo 'GET' no implementado
[2022-10-31T17:12:45.164] [WARN] warn - ruta '/api' metodo 'GET' no implementado
[2022-10-31T17:12:45.165] [WARN] warn - ruta '/api' metodo 'GET' no implementado
[2022-10-31T17:12:45.165] [WARN] warn - ruta '/api' metodo 'GET' no implementado
[2022-10-31T17:12:45.168] [WARN] warn - ruta '/api' metodo 'GET' no implementado
[2022-10-31T17:12:45.169] [WARN] warn - ruta '/api' metodo 'GET' no implementado
[2022-10-31T17:12:45.169] [WARN] warn - ruta '/api' metodo 'GET' no implementado
[2022-10-31T17:12:45.170] [WARN] warn - ruta '/api' metodo 'GET' no implementado
[2022-10-31T17:12:45.171] [WARN] warn - ruta '/api' metodo 'GET' no implementado
[2022-10-31T17:12:45.172] [WARN] warn - ruta '/api' metodo 'GET' no implementado
[2022-10-31T17:12:45.172] [WARN] warn - ruta '/api' metodo 'GET' no implementado
[2022-10-31T17:12:45.173] [WARN] warn - ruta '/api' metodo 'GET' no implementado
[2022-10-31T17:12:45.174] [WARN] warn - ruta '/api' metodo 'GET' no implementado
[2022-10-31T17:12:45.174] [WARN] warn - ruta '/api' metodo 'GET' no implementado
[2022-10-31T17:12:45.175] [WARN] warn - ruta '/api' metodo 'GET' no implementado
[2022-10-31T17:12:45.176] [WARN] warn - ruta '/api' metodo 'GET' no implementado
[2022-10-31T17:12:45.177] [WARN] warn - ruta '/api' metodo 'GET' no implementado
[2022-10-31T17:12:45.178] [WARN] warn - ruta '/api' metodo 'GET' no implementado
[2022-10-31T17:12:45.179] [WARN] warn - ruta '/api' metodo 'GET' no implementado
[2022-10-31T17:12:45.179] [WARN] warn - ruta '/api' metodo 'GET' no implementado
[2022-10-31T17:12:45.180] [WARN] warn - ruta '/api' metodo 'GET' no implementado
[2022-10-31T17:12:45.181] [WARN] warn - ruta '/api' metodo 'GET' no implementado
[2022-10-31T17:12:45.182] [WARN] warn - ruta '/api' metodo 'GET' no implementado
[2022-10-31T17:12:45.184] [WARN] warn - ruta '/api' metodo 'GET' no implementado
[2022-10-31T17:12:45.186] [WARN] warn - ruta '/api' metodo 'GET' no implementado
[2022-10-31T17:12:45.187] [WARN] warn - ruta '/api' metodo 'GET' no implementado
[2022-10-31T17:12:45.188] [WARN] warn - ruta '/api' metodo 'GET' no implementado
[2022-10-31T17:12:45.189] [WARN] warn - ruta '/api' metodo 'GET' no implementado
[2022-10-31T17:12:45.190] [WARN] warn - ruta '/api' metodo 'GET' no implementado
[2022-10-31T17:12:45.192] [WARN] warn - ruta '/api' metodo 'GET' no implementado
[2022-10-31T17:12:45.193] [WARN] warn - ruta '/api' metodo 'GET' no implementado
[2022-10-31T17:12:45.194] [WARN] warn - ruta '/api' metodo 'GET' no implementado
[2022-10-31T17:12:45.195] [WARN] warn - ruta '/api' metodo 'GET' no implementado
[2022-10-31T17:12:45.196] [WARN] warn - ruta '/api' metodo 'GET' no implementado
[2022-10-31T17:12:45.196] [WARN] warn - ruta '/api' metodo 'GET' no implementado
[2022-10-31T17:12:45.197] [WARN] warn - ruta '/api' metodo 'GET' no implementado
[2022-10-31T17:12:45.199] [WARN] warn - ruta '/api' metodo 'GET' no implementado
[2022-10-31T17:12:45.202] [WARN] warn - ruta '/api' metodo 'GET' no implementado
[2022-10-31T17:12:45.203] [WARN] warn - ruta '/api' metodo 'GET' no implementado
[2022-10-31T17:12:45.204] [WARN] warn - ruta '/api' metodo 'GET' no implementado
[2022-10-31T17:12:45.206] [WARN] warn - ruta '/api' metodo 'GET' no implementado
[2022-10-31T17:12:45.206] [WARN] warn - ruta '/api' metodo 'GET' no implementado
[2022-10-31T17:12:45.207] [WARN] warn - ruta '/api' metodo 'GET' no implementado
[2022-10-31T17:12:45.210] [WARN] warn - ruta '/api' metodo 'GET' no implementado
[2022-10-31T17:12:45.211] [WARN] warn - ruta '/api' metodo 'GET' no implementado
[2022-10-31T17:12:45.212] [WARN] warn - ruta '/api' metodo 'GET' no implementado
[2022-10-31T17:12:45.213] [WARN] warn - ruta '/api' metodo 'GET' no implementado
[2022-10-31T17:12:45.213] [WARN] warn - ruta '/api' metodo 'GET' no implementado
[2022-10-31T17:12:45.214] [WARN] warn - ruta '/api' metodo 'GET' no implementado
[2022-10-31T17:12:45.215] [WARN] warn - ruta '/api' metodo 'GET' no implementado
[2022-10-31T17:12:45.215] [WARN] warn - ruta '/api' metodo 'GET' no implementado
[2022-10-31T17:12:45.216] [WARN] warn - ruta '/api' metodo 'GET' no implementado
[2022-10-31T17:12:45.217] [WARN] warn - ruta '/api' metodo 'GET' no implementado
[2022-10-31T17:12:45.217] [WARN] warn - ruta '/api' metodo 'GET' no implementado
[2022-10-31T17:12:45.218] [WARN] warn - ruta '/api' metodo 'GET' no implementado
[2022-10-31T17:12:45.219] [WARN] warn - ruta '/api' metodo 'GET' no implementado
[2022-10-31T17:12:45.220] [WARN] warn - ruta '/api' metodo 'GET' no implementado
[2022-10-31T17:12:45.221] [WARN] warn - ruta '/api' metodo 'GET' no implementado
[2022-10-31T17:12:45.221] [WARN] warn - ruta '/api' metodo 'GET' no implementado
[2022-10-31T17:12:45.222] [WARN] warn - ruta '/api' metodo 'GET' no implementado
[2022-10-31T17:12:45.223] [WARN] warn - ruta '/api' metodo 'GET' no implementado
[2022-10-31T17:12:45.224] [WARN] warn - ruta '/api' metodo 'GET' no implementado
[2022-10-31T17:12:45.224] [WARN] warn - ruta '/api' metodo 'GET' no implementado
[2022-10-31T17:12:45.225] [WARN] warn - ruta '/api' metodo 'GET' no implementado
[2022-10-31T17:12:45.226] [WARN] warn - ruta '/api' metodo 'GET' no implementado
[2022-10-31T17:12:45.226] [WARN] warn - ruta '/api' metodo 'GET' no implementado
[2022-10-31T17:12:45.227] [WARN] warn - ruta '/api' metodo 'GET' no implementado
[2022-10-31T17:12:45.228] [WARN] warn - ruta '/api' metodo 'GET' no implementado
[2022-10-31T17:12:45.229] [WARN] warn - ruta '/api' metodo 'GET' no implementado
[2022-10-31T17:12:45.230] [WARN] warn - ruta '/api' metodo 'GET' no implementado
[2022-10-31T17:12:45.231] [WARN] warn - ruta '/api' metodo 'GET' no implementado
[2022-10-31T17:12:45.233] [WARN] warn - ruta '/api' metodo 'GET' no implementado
[2022-10-31T17:12:45.234] [WARN] warn - ruta '/api' metodo 'GET' no implementado
[2022-10-31T17:12:45.235] [WARN] warn - ruta '/api' metodo 'GET' no implementado
[2022-10-31T17:12:45.235] [WARN] warn - ruta '/api' metodo 'GET' no implementado
[2022-10-31T17:12:45.236] [WARN] warn - ruta '/api' metodo 'GET' no implementado
[2022-10-31T17:12:45.237] [WARN] warn - ruta '/api' metodo 'GET' no implementado
[2022-10-31T17:12:45.238] [WARN] warn - ruta '/api' metodo 'GET' no implementado
[2022-10-31T17:12:45.239] [WARN] warn - ruta '/api' metodo 'GET' no implementado
[2022-10-31T17:12:45.239] [WARN] warn - ruta '/api' metodo 'GET' no implementado
[2022-10-31T17:12:45.240] [WARN] warn - ruta '/api' metodo 'GET' no implementado
[2022-10-31T17:12:45.241] [WARN] warn - ruta '/api' metodo 'GET' no implementado
[2022-10-31T17:12:45.242] [WARN] warn - ruta '/api' metodo 'GET' no implementado
[2022-10-31T17:12:45.243] [WARN] warn - ruta '/api' metodo 'GET' no implementado
[2022-10-31T17:12:45.244] [WARN] warn - ruta '/api' metodo 'GET' no implementado
[2022-10-31T17:12:45.244] [WARN] warn - ruta '/api' metodo 'GET' no implementado
[2022-10-31T17:12:45.247] [WARN] warn - ruta '/api' metodo 'GET' no implementado
[2022-10-31T17:12:45.248] [WARN] warn - ruta '/api' metodo 'GET' no implementado
[2022-10-31T17:12:45.248] [WARN] warn - ruta '/api' metodo 'GET' no implementado
[2022-10-31T17:12:45.249] [WARN] warn - ruta '/api' metodo 'GET' no implementado
[2022-10-31T17:12:45.249] [WARN] warn - ruta '/api' metodo 'GET' no implementado
[2022-10-31T17:12:45.250] [WARN] warn - ruta '/api' metodo 'GET' no implementado
[2022-10-31T17:12:45.251] [WARN] warn - ruta '/api' metodo 'GET' no implementado
[2022-10-31T17:12:45.252] [WARN] warn - ruta '/api' metodo 'GET' no implementado
[2022-10-31T17:12:45.253] [WARN] warn - ruta '/api' metodo 'GET' no implementado
[2022-10-31T17:12:45.254] [WARN] warn - ruta '/api' metodo 'GET' no implementado
[2022-10-31T17:12:45.254] [WARN] warn - ruta '/api' metodo 'GET' no implementado
[2022-10-31T17:12:45.255] [WARN] warn - ruta '/api' metodo 'GET' no implementado
[2022-10-31T17:12:45.256] [WARN] warn - ruta '/api' metodo 'GET' no implementado
[2022-10-31T17:12:45.256] [WARN] warn - ruta '/api' metodo 'GET' no implementado
[2022-10-31T17:12:45.257] [WARN] warn - ruta '/api' metodo 'GET' no implementado
[2022-10-31T17:12:45.258] [WARN] warn - ruta '/api' metodo 'GET' no implementado
[2022-10-31T17:12:45.258] [WARN] warn - ruta '/api' metodo 'GET' no implementado
[2022-10-31T17:12:45.259] [WARN] warn - ruta '/api' metodo 'GET' no implementado
[2022-10-31T17:12:45.260] [WARN] warn - ruta '/api' metodo 'GET' no implementado
[2022-10-31T17:12:45.260] [WARN] warn - ruta '/api' metodo 'GET' no implementado
[2022-10-31T17:12:45.261] [WARN] warn - ruta '/api' metodo 'GET' no implementado
[2022-10-31T17:12:45.262] [WARN] warn - ruta '/api' metodo 'GET' no implementado
[2022-10-31T17:12:45.262] [WARN] warn - ruta '/api' metodo 'GET' no implementado
[2022-10-31T17:12:45.263] [WARN] warn - ruta '/api' metodo 'GET' no implementado
[2022-10-31T17:12:45.263] [WARN] warn - ruta '/api' metodo 'GET' no implementado
[2022-10-31T17:12:45.264] [WARN] warn - ruta '/api' metodo 'GET' no implementado
[2022-10-31T17:12:45.264] [WARN] warn - ruta '/api' metodo 'GET' no implementado
[2022-10-31T17:12:45.265] [WARN] warn - ruta '/api' metodo 'GET' no implementado
[2022-10-31T17:12:45.266] [WARN] warn - ruta '/api' metodo 'GET' no implementado
[2022-10-31T17:12:45.267] [WARN] warn - ruta '/api' metodo 'GET' no implementado
[2022-10-31T17:12:45.267] [WARN] warn - ruta '/api' metodo 'GET' no implementado
[2022-10-31T17:12:45.268] [WARN] warn - ruta '/api' metodo 'GET' no implementado
[2022-10-31T17:12:45.269] [WARN] warn - ruta '/api' metodo 'GET' no implementado
[2022-10-31T17:12:45.270] [WARN] warn - ruta '/api' metodo 'GET' no implementado
[2022-10-31T17:12:45.271] [WARN] warn - ruta '/api' metodo 'GET' no implementado
[2022-10-31T17:12:45.272] [WARN] warn - ruta '/api' metodo 'GET' no implementado
[2022-10-31T17:12:45.273] [WARN] warn - ruta '/api' metodo 'GET' no implementado
[2022-10-31T17:12:45.275] [WARN] warn - ruta '/api' metodo 'GET' no implementado
[2022-10-31T17:12:45.276] [WARN] warn - ruta '/api' metodo 'GET' no implementado
[2022-10-31T17:12:45.277] [WARN] warn - ruta '/api' metodo 'GET' no implementado
[2022-10-31T17:12:45.278] [WARN] warn - ruta '/api' metodo 'GET' no implementado
[2022-10-31T17:12:45.279] [WARN] warn - ruta '/api' metodo 'GET' no implementado
[2022-10-31T17:12:45.281] [WARN] warn - ruta '/api' metodo 'GET' no implementado
[2022-10-31T17:12:45.283] [WARN] warn - ruta '/api' metodo 'GET' no implementado
[2022-10-31T17:12:45.284] [WARN] warn - ruta '/api' metodo 'GET' no implementado
[2022-10-31T17:12:45.285] [WARN] warn - ruta '/api' metodo 'GET' no implementado
[2022-10-31T17:12:45.286] [WARN] warn - ruta '/api' metodo 'GET' no implementado
[2022-10-31T17:12:45.287] [WARN] warn - ruta '/api' metodo 'GET' no implementado
[2022-10-31T17:12:45.288] [WARN] warn - ruta '/api' metodo 'GET' no implementado
[2022-10-31T17:12:45.289] [WARN] warn - ruta '/api' metodo 'GET' no implementado
[2022-10-31T17:12:45.290] [WARN] warn - ruta '/api' metodo 'GET' no implementado
[2022-10-31T17:12:45.290] [WARN] warn - ruta '/api' metodo 'GET' no implementado
[2022-10-31T17:12:45.292] [WARN] warn - ruta '/api' metodo 'GET' no implementado
[2022-10-31T17:12:45.292] [WARN] warn - ruta '/api' metodo 'GET' no implementado
[2022-10-31T17:12:45.293] [WARN] warn - ruta '/api' metodo 'GET' no implementado
[2022-10-31T17:12:45.294] [WARN] warn - ruta '/api' metodo 'GET' no implementado
[2022-10-31T17:12:45.294] [WARN] warn - ruta '/api' metodo 'GET' no implementado
[2022-10-31T17:12:45.295] [WARN] warn - ruta '/api' metodo 'GET' no implementado
[2022-10-31T17:12:45.296] [WARN] warn - ruta '/api' metodo 'GET' no implementado
[2022-10-31T17:12:45.297] [WARN] warn - ruta '/api' metodo 'GET' no implementado
[2022-10-31T17:12:45.297] [WARN] warn - ruta '/api' metodo 'GET' no implementado
[2022-10-31T17:12:45.298] [WARN] warn - ruta '/api' metodo 'GET' no implementado
[2022-10-31T17:12:45.299] [WARN] warn - ruta '/api' metodo 'GET' no implementado
[2022-10-31T17:12:45.299] [WARN] warn - ruta '/api' metodo 'GET' no implementado
[2022-10-31T17:12:45.300] [WARN] warn - ruta '/api' metodo 'GET' no implementado
[2022-10-31T17:12:45.301] [WARN] warn - ruta '/api' metodo 'GET' no implementado
[2022-10-31T17:12:45.302] [WARN] warn - ruta '/api' metodo 'GET' no implementado
[2022-10-31T17:12:45.302] [WARN] warn - ruta '/api' metodo 'GET' no implementado
[2022-10-31T17:12:45.303] [WARN] warn - ruta '/api' metodo 'GET' no implementado
[2022-10-31T17:12:45.304] [WARN] warn - ruta '/api' metodo 'GET' no implementado
[2022-10-31T17:12:45.304] [WARN] warn - ruta '/api' metodo 'GET' no implementado
[2022-10-31T17:12:45.305] [WARN] warn - ruta '/api' metodo 'GET' no implementado
[2022-10-31T17:12:45.306] [WARN] warn - ruta '/api' metodo 'GET' no implementado
[2022-10-31T17:12:45.306] [WARN] warn - ruta '/api' metodo 'GET' no implementado
[2022-10-31T17:12:45.307] [WARN] warn - ruta '/api' metodo 'GET' no implementado
[2022-10-31T17:12:45.308] [WARN] warn - ruta '/api' metodo 'GET' no implementado
[2022-10-31T17:12:45.309] [WARN] warn - ruta '/api' metodo 'GET' no implementado
[2022-10-31T17:12:45.311] [WARN] warn - ruta '/api' metodo 'GET' no implementado
[2022-10-31T17:12:45.312] [WARN] warn - ruta '/api' metodo 'GET' no implementado
[2022-10-31T17:12:45.315] [WARN] warn - ruta '/api' metodo 'GET' no implementado
[2022-10-31T17:12:45.317] [WARN] warn - ruta '/api' metodo 'GET' no implementado
[2022-10-31T17:12:45.318] [WARN] warn - ruta '/api' metodo 'GET' no implementado
[2022-10-31T17:12:45.320] [WARN] warn - ruta '/api' metodo 'GET' no implementado
[2022-10-31T17:12:45.321] [WARN] warn - ruta '/api' metodo 'GET' no implementado
[2022-10-31T17:12:45.323] [WARN] warn - ruta '/api' metodo 'GET' no implementado
[2022-10-31T17:12:45.325] [WARN] warn - ruta '/api' metodo 'GET' no implementado
[2022-10-31T17:12:45.326] [WARN] warn - ruta '/api' metodo 'GET' no implementado
[2022-10-31T17:12:45.327] [WARN] warn - ruta '/api' metodo 'GET' no implementado
[2022-10-31T17:12:45.329] [WARN] warn - ruta '/api' metodo 'GET' no implementado
[2022-10-31T17:12:45.330] [WARN] warn - ruta '/api' metodo 'GET' no implementado
[2022-10-31T17:12:45.331] [WARN] warn - ruta '/api' metodo 'GET' no implementado
[2022-10-31T17:12:45.338] [WARN] warn - ruta '/api' metodo 'GET' no implementado
[2022-10-31T17:12:45.340] [WARN] warn - ruta '/api' metodo 'GET' no implementado
[2022-10-31T17:12:45.341] [WARN] warn - ruta '/api' metodo 'GET' no implementado
[2022-10-31T17:12:45.343] [WARN] warn - ruta '/api' metodo 'GET' no implementado
[2022-10-31T17:12:45.344] [WARN] warn - ruta '/api' metodo 'GET' no implementado
[2022-10-31T17:12:45.346] [WARN] warn - ruta '/api' metodo 'GET' no implementado
[2022-10-31T17:12:45.347] [WARN] warn - ruta '/api' metodo 'GET' no implementado
[2022-10-31T17:12:45.348] [WARN] warn - ruta '/api' metodo 'GET' no implementado
[2022-10-31T17:12:45.350] [WARN] warn - ruta '/api' metodo 'GET' no implementado
[2022-10-31T17:12:45.351] [WARN] warn - ruta '/api' metodo 'GET' no implementado
[2022-10-31T17:12:45.361] [WARN] warn - ruta '/api' metodo 'GET' no implementado
[2022-10-31T17:12:45.363] [WARN] warn - ruta '/api' metodo 'GET' no implementado
[2022-10-31T17:12:45.378] [WARN] warn - ruta '/api' metodo 'GET' no implementado
[2022-10-31T17:12:45.379] [WARN] warn - ruta '/api' metodo 'GET' no implementado
[2022-10-31T17:12:45.380] [WARN] warn - ruta '/api' metodo 'GET' no implementado
[2022-10-31T17:12:45.381] [WARN] warn - ruta '/api' metodo 'GET' no implementado
[2022-10-31T17:12:45.382] [WARN] warn - ruta '/api' metodo 'GET' no implementado
[2022-10-31T17:12:45.383] [WARN] warn - ruta '/api' metodo 'GET' no implementado
[2022-10-31T17:12:45.386] [WARN] warn - ruta '/api' metodo 'GET' no implementado
[2022-10-31T17:12:45.387] [WARN] warn - ruta '/api' metodo 'GET' no implementado
[2022-10-31T17:12:45.388] [WARN] warn - ruta '/api' metodo 'GET' no implementado
[2022-10-31T17:12:45.389] [WARN] warn - ruta '/api' metodo 'GET' no implementado
[2022-10-31T17:12:45.389] [WARN] warn - ruta '/api' metodo 'GET' no implementado
[2022-10-31T17:12:45.390] [WARN] warn - ruta '/api' metodo 'GET' no implementado
[2022-10-31T17:12:45.390] [WARN] warn - ruta '/api' metodo 'GET' no implementado
[2022-10-31T17:12:45.391] [WARN] warn - ruta '/api' metodo 'GET' no implementado
[2022-10-31T17:12:45.392] [WARN] warn - ruta '/api' metodo 'GET' no implementado
[2022-10-31T17:12:45.393] [WARN] warn - ruta '/api' metodo 'GET' no implementado
[2022-10-31T17:12:45.393] [WARN] warn - ruta '/api' metodo 'GET' no implementado
[2022-10-31T17:12:45.394] [WARN] warn - ruta '/api' metodo 'GET' no implementado
[2022-10-31T17:12:45.394] [WARN] warn - ruta '/api' metodo 'GET' no implementado
[2022-10-31T17:12:45.395] [WARN] warn - ruta '/api' metodo 'GET' no implementado
[2022-10-31T17:12:45.395] [WARN] warn - ruta '/api' metodo 'GET' no implementado
[2022-10-31T17:12:45.396] [WARN] warn - ruta '/api' metodo 'GET' no implementado
[2022-10-31T17:12:45.397] [WARN] warn - ruta '/api' metodo 'GET' no implementado
[2022-10-31T17:12:45.397] [WARN] warn - ruta '/api' metodo 'GET' no implementado
[2022-10-31T17:12:45.398] [WARN] warn - ruta '/api' metodo 'GET' no implementado
[2022-10-31T17:12:45.398] [WARN] warn - ruta '/api' metodo 'GET' no implementado
[2022-10-31T17:12:45.399] [WARN] warn - ruta '/api' metodo 'GET' no implementado
[2022-10-31T17:12:45.400] [WARN] warn - ruta '/api' metodo 'GET' no implementado
[2022-10-31T17:12:45.400] [WARN] warn - ruta '/api' metodo 'GET' no implementado
[2022-10-31T17:12:45.401] [WARN] warn - ruta '/api' metodo 'GET' no implementado
[2022-10-31T17:12:45.402] [WARN] warn - ruta '/api' metodo 'GET' no implementado
[2022-10-31T17:12:45.402] [WARN] warn - ruta '/api' metodo 'GET' no implementado
[2022-10-31T17:12:45.403] [WARN] warn - ruta '/api' metodo 'GET' no implementado
[2022-10-31T17:12:45.403] [WARN] warn - ruta '/api' metodo 'GET' no implementado
[2022-10-31T17:12:45.404] [WARN] warn - ruta '/api' metodo 'GET' no implementado
[2022-10-31T17:12:45.405] [WARN] warn - ruta '/api' metodo 'GET' no implementado
[2022-10-31T17:12:45.406] [WARN] warn - ruta '/api' metodo 'GET' no implementado
[2022-10-31T17:12:45.406] [WARN] warn - ruta '/api' metodo 'GET' no implementado
[2022-10-31T17:12:45.407] [WARN] warn - ruta '/api' metodo 'GET' no implementado
[2022-10-31T17:12:45.407] [WARN] warn - ruta '/api' metodo 'GET' no implementado
[2022-10-31T17:12:45.408] [WARN] warn - ruta '/api' metodo 'GET' no implementado
[2022-10-31T17:12:45.409] [WARN] warn - ruta '/api' metodo 'GET' no implementado
[2022-10-31T17:12:45.409] [WARN] warn - ruta '/api' metodo 'GET' no implementado
[2022-10-31T17:12:45.410] [WARN] warn - ruta '/api' metodo 'GET' no implementado
[2022-10-31T17:12:45.411] [WARN] warn - ruta '/api' metodo 'GET' no implementado
[2022-10-31T17:12:45.411] [WARN] warn - ruta '/api' metodo 'GET' no implementado
[2022-10-31T17:12:45.412] [WARN] warn - ruta '/api' metodo 'GET' no implementado
[2022-10-31T17:12:45.413] [WARN] warn - ruta '/api' metodo 'GET' no implementado
[2022-10-31T17:12:45.413] [WARN] warn - ruta '/api' metodo 'GET' no implementado
[2022-10-31T17:12:45.414] [WARN] warn - ruta '/api' metodo 'GET' no implementado
[2022-10-31T17:12:45.415] [WARN] warn - ruta '/api' metodo 'GET' no implementado
[2022-10-31T17:12:45.415] [WARN] warn - ruta '/api' metodo 'GET' no implementado
[2022-10-31T17:12:45.416] [WARN] warn - ruta '/api' metodo 'GET' no implementado
[2022-10-31T17:12:45.417] [WARN] warn - ruta '/api' metodo 'GET' no implementado
[2022-10-31T17:12:45.417] [WARN] warn - ruta '/api' metodo 'GET' no implementado
[2022-10-31T17:12:45.419] [WARN] warn - ruta '/api' metodo 'GET' no implementado
[2022-10-31T17:12:45.420] [WARN] warn - ruta '/api' metodo 'GET' no implementado
[2022-10-31T17:12:45.421] [WARN] warn - ruta '/api' metodo 'GET' no implementado
[2022-10-31T17:12:45.422] [WARN] warn - ruta '/api' metodo 'GET' no implementado
[2022-10-31T17:12:45.423] [WARN] warn - ruta '/api' metodo 'GET' no implementado
[2022-10-31T17:12:45.424] [WARN] warn - ruta '/api' metodo 'GET' no implementado
[2022-10-31T17:12:45.424] [WARN] warn - ruta '/api' metodo 'GET' no implementado
[2022-10-31T17:12:45.425] [WARN] warn - ruta '/api' metodo 'GET' no implementado
[2022-10-31T17:12:45.425] [WARN] warn - ruta '/api' metodo 'GET' no implementado
[2022-10-31T17:12:45.426] [WARN] warn - ruta '/api' metodo 'GET' no implementado
[2022-10-31T17:12:45.427] [WARN] warn - ruta '/api' metodo 'GET' no implementado
[2022-10-31T17:12:45.427] [WARN] warn - ruta '/api' metodo 'GET' no implementado
[2022-10-31T17:12:45.428] [WARN] warn - ruta '/api' metodo 'GET' no implementado
[2022-10-31T17:12:45.429] [WARN] warn - ruta '/api' metodo 'GET' no implementado
[2022-10-31T17:12:45.430] [WARN] warn - ruta '/api' metodo 'GET' no implementado
[2022-10-31T17:12:45.430] [WARN] warn - ruta '/api' metodo 'GET' no implementado
[2022-10-31T17:12:45.431] [WARN] warn - ruta '/api' metodo 'GET' no implementado
[2022-10-31T17:12:45.432] [WARN] warn - ruta '/api' metodo 'GET' no implementado
[2022-10-31T17:12:45.433] [WARN] warn - ruta '/api' metodo 'GET' no implementado
[2022-10-31T17:12:45.433] [WARN] warn - ruta '/api' metodo 'GET' no implementado
[2022-10-31T17:12:45.435] [WARN] warn - ruta '/api' metodo 'GET' no implementado
[2022-10-31T17:12:45.435] [WARN] warn - ruta '/api' metodo 'GET' no implementado
[2022-10-31T17:12:45.437] [WARN] warn - ruta '/api' metodo 'GET' no implementado
[2022-10-31T17:12:45.437] [WARN] warn - ruta '/api' metodo 'GET' no implementado
[2022-10-31T17:12:45.438] [WARN] warn - ruta '/api' metodo 'GET' no implementado
[2022-10-31T17:12:45.439] [WARN] warn - ruta '/api' metodo 'GET' no implementado
[2022-10-31T17:12:45.440] [WARN] warn - ruta '/api' metodo 'GET' no implementado
[2022-10-31T17:12:45.440] [WARN] warn - ruta '/api' metodo 'GET' no implementado
[2022-10-31T17:12:45.441] [WARN] warn - ruta '/api' metodo 'GET' no implementado
[2022-10-31T17:12:45.443] [WARN] warn - ruta '/api' metodo 'GET' no implementado
[2022-10-31T17:12:45.443] [WARN] warn - ruta '/api' metodo 'GET' no implementado
[2022-10-31T17:12:45.444] [WARN] warn - ruta '/api' metodo 'GET' no implementado
[2022-10-31T17:12:45.445] [WARN] warn - ruta '/api' metodo 'GET' no implementado
[2022-10-31T17:12:45.446] [WARN] warn - ruta '/api' metodo 'GET' no implementado
[2022-10-31T17:12:45.447] [WARN] warn - ruta '/api' metodo 'GET' no implementado
[2022-10-31T17:12:45.448] [WARN] warn - ruta '/api' metodo 'GET' no implementado
[2022-10-31T17:12:45.448] [WARN] warn - ruta '/api' metodo 'GET' no implementado
[2022-10-31T17:12:45.449] [WARN] warn - ruta '/api' metodo 'GET' no implementado
[2022-10-31T17:12:45.450] [WARN] warn - ruta '/api' metodo 'GET' no implementado
[2022-10-31T17:12:45.450] [WARN] warn - ruta '/api' metodo 'GET' no implementado
[2022-10-31T17:12:45.452] [WARN] warn - ruta '/api' metodo 'GET' no implementado
[2022-10-31T17:12:45.452] [WARN] warn - ruta '/api' metodo 'GET' no implementado
[2022-10-31T17:12:45.453] [WARN] warn - ruta '/api' metodo 'GET' no implementado
[2022-10-31T17:12:45.453] [WARN] warn - ruta '/api' metodo 'GET' no implementado
[2022-10-31T17:12:45.454] [WARN] warn - ruta '/api' metodo 'GET' no implementado
[2022-10-31T17:12:45.455] [WARN] warn - ruta '/api' metodo 'GET' no implementado
[2022-10-31T17:12:45.455] [WARN] warn - ruta '/api' metodo 'GET' no implementado
[2022-10-31T17:12:45.456] [WARN] warn - ruta '/api' metodo 'GET' no implementado
[2022-10-31T17:12:45.457] [WARN] warn - ruta '/api' metodo 'GET' no implementado
[2022-10-31T17:12:45.458] [WARN] warn - ruta '/api' metodo 'GET' no implementado
[2022-10-31T17:12:45.458] [WARN] warn - ruta '/api' metodo 'GET' no implementado
[2022-10-31T17:12:45.459] [WARN] warn - ruta '/api' metodo 'GET' no implementado
[2022-10-31T17:12:45.459] [WARN] warn - ruta '/api' metodo 'GET' no implementado
[2022-10-31T17:12:45.460] [WARN] warn - ruta '/api' metodo 'GET' no implementado
[2022-10-31T17:12:45.461] [WARN] warn - ruta '/api' metodo 'GET' no implementado
[2022-10-31T17:12:45.462] [WARN] warn - ruta '/api' metodo 'GET' no implementado
[2022-10-31T17:12:45.462] [WARN] warn - ruta '/api' metodo 'GET' no implementado
[2022-10-31T17:12:45.463] [WARN] warn - ruta '/api' metodo 'GET' no implementado
[2022-10-31T17:12:45.464] [WARN] warn - ruta '/api' metodo 'GET' no implementado
[2022-10-31T17:12:45.464] [WARN] warn - ruta '/api' metodo 'GET' no implementado
[2022-10-31T17:12:45.465] [WARN] warn - ruta '/api' metodo 'GET' no implementado
[2022-10-31T17:12:45.465] [WARN] warn - ruta '/api' metodo 'GET' no implementado
[2022-10-31T17:12:45.466] [WARN] warn - ruta '/api' metodo 'GET' no implementado
[2022-10-31T17:12:45.467] [WARN] warn - ruta '/api' metodo 'GET' no implementado
[2022-10-31T17:12:45.468] [WARN] warn - ruta '/api' metodo 'GET' no implementado
[2022-10-31T17:12:45.470] [WARN] warn - ruta '/api' metodo 'GET' no implementado
[2022-10-31T17:12:45.470] [WARN] warn - ruta '/api' metodo 'GET' no implementado
[2022-10-31T17:12:45.471] [WARN] warn - ruta '/api' metodo 'GET' no implementado
[2022-10-31T17:12:45.472] [WARN] warn - ruta '/api' metodo 'GET' no implementado
[2022-10-31T17:12:45.473] [WARN] warn - ruta '/api' metodo 'GET' no implementado
[2022-10-31T17:12:45.473] [WARN] warn - ruta '/api' metodo 'GET' no implementado
[2022-10-31T17:12:45.474] [WARN] warn - ruta '/api' metodo 'GET' no implementado
[2022-10-31T17:12:45.476] [WARN] warn - ruta '/api' metodo 'GET' no implementado
[2022-10-31T17:12:45.477] [WARN] warn - ruta '/api' metodo 'GET' no implementado
[2022-10-31T17:12:45.478] [WARN] warn - ruta '/api' metodo 'GET' no implementado
[2022-10-31T17:12:45.479] [WARN] warn - ruta '/api' metodo 'GET' no implementado
[2022-10-31T17:12:45.480] [WARN] warn - ruta '/api' metodo 'GET' no implementado
[2022-10-31T17:12:45.481] [WARN] warn - ruta '/api' metodo 'GET' no implementado
[2022-10-31T17:12:45.483] [WARN] warn - ruta '/api' metodo 'GET' no implementado
[2022-10-31T17:12:45.486] [WARN] warn - ruta '/api' metodo 'GET' no implementado
[2022-10-31T17:12:45.487] [WARN] warn - ruta '/api' metodo 'GET' no implementado
[2022-10-31T17:12:45.487] [WARN] warn - ruta '/api' metodo 'GET' no implementado
[2022-10-31T17:12:45.488] [WARN] warn - ruta '/api' metodo 'GET' no implementado
[2022-10-31T17:12:45.489] [WARN] warn - ruta '/api' metodo 'GET' no implementado
[2022-10-31T17:12:45.490] [WARN] warn - ruta '/api' metodo 'GET' no implementado
[2022-10-31T17:12:45.491] [WARN] warn - ruta '/api' metodo 'GET' no implementado
[2022-10-31T17:12:45.492] [WARN] warn - ruta '/api' metodo 'GET' no implementado
[2022-10-31T17:12:45.492] [WARN] warn - ruta '/api' metodo 'GET' no implementado
[2022-10-31T17:12:45.493] [WARN] warn - ruta '/api' metodo 'GET' no implementado
[2022-10-31T17:12:45.493] [WARN] warn - ruta '/api' metodo 'GET' no implementado
[2022-10-31T17:12:45.494] [WARN] warn - ruta '/api' metodo 'GET' no implementado
[2022-10-31T17:12:45.495] [WARN] warn - ruta '/api' metodo 'GET' no implementado
[2022-10-31T17:12:45.496] [WARN] warn - ruta '/api' metodo 'GET' no implementado
[2022-10-31T17:12:45.496] [WARN] warn - ruta '/api' metodo 'GET' no implementado
[2022-10-31T17:12:45.497] [WARN] warn - ruta '/api' metodo 'GET' no implementado
[2022-10-31T17:12:45.498] [WARN] warn - ruta '/api' metodo 'GET' no implementado
[2022-10-31T17:12:45.499] [WARN] warn - ruta '/api' metodo 'GET' no implementado
[2022-10-31T17:12:45.500] [WARN] warn - ruta '/api' metodo 'GET' no implementado
[2022-10-31T17:12:45.500] [WARN] warn - ruta '/api' metodo 'GET' no implementado
[2022-10-31T17:12:45.501] [WARN] warn - ruta '/api' metodo 'GET' no implementado
[2022-10-31T17:12:45.502] [WARN] warn - ruta '/api' metodo 'GET' no implementado
[2022-10-31T17:12:45.502] [WARN] warn - ruta '/api' metodo 'GET' no implementado
[2022-10-31T17:12:45.503] [WARN] warn - ruta '/api' metodo 'GET' no implementado
[2022-10-31T17:12:45.504] [WARN] warn - ruta '/api' metodo 'GET' no implementado
[2022-10-31T17:12:45.505] [WARN] warn - ruta '/api' metodo 'GET' no implementado
[2022-10-31T17:12:45.505] [WARN] warn - ruta '/api' metodo 'GET' no implementado
[2022-10-31T17:12:45.506] [WARN] warn - ruta '/api' metodo 'GET' no implementado
[2022-10-31T17:12:45.507] [WARN] warn - ruta '/api' metodo 'GET' no implementado
[2022-10-31T17:12:45.507] [WARN] warn - ruta '/api' metodo 'GET' no implementado
[2022-10-31T17:12:45.508] [WARN] warn - ruta '/api' metodo 'GET' no implementado
[2022-10-31T17:12:45.509] [WARN] warn - ruta '/api' metodo 'GET' no implementado
[2022-10-31T17:12:45.509] [WARN] warn - ruta '/api' metodo 'GET' no implementado
[2022-10-31T17:12:45.510] [WARN] warn - ruta '/api' metodo 'GET' no implementado
[2022-10-31T17:12:45.511] [WARN] warn - ruta '/api' metodo 'GET' no implementado
[2022-10-31T17:12:45.511] [WARN] warn - ruta '/api' metodo 'GET' no implementado
[2022-10-31T17:12:45.512] [WARN] warn - ruta '/api' metodo 'GET' no implementado
[2022-10-31T17:12:45.513] [WARN] warn - ruta '/api' metodo 'GET' no implementado
[2022-10-31T17:12:45.513] [WARN] warn - ruta '/api' metodo 'GET' no implementado
[2022-10-31T17:12:45.514] [WARN] warn - ruta '/api' metodo 'GET' no implementado
[2022-10-31T17:12:45.514] [WARN] warn - ruta '/api' metodo 'GET' no implementado
[2022-10-31T17:12:45.515] [WARN] warn - ruta '/api' metodo 'GET' no implementado
[2022-10-31T17:12:45.516] [WARN] warn - ruta '/api' metodo 'GET' no implementado
[2022-10-31T17:12:45.517] [WARN] warn - ruta '/api' metodo 'GET' no implementado
[2022-10-31T17:12:45.518] [WARN] warn - ruta '/api' metodo 'GET' no implementado
[2022-10-31T17:12:45.519] [WARN] warn - ruta '/api' metodo 'GET' no implementado
[2022-10-31T17:12:45.520] [WARN] warn - ruta '/api' metodo 'GET' no implementado
[2022-10-31T17:12:45.521] [WARN] warn - ruta '/api' metodo 'GET' no implementado
[2022-10-31T17:12:45.522] [WARN] warn - ruta '/api' metodo 'GET' no implementado
[2022-10-31T17:12:45.524] [WARN] warn - ruta '/api' metodo 'GET' no implementado
[2022-10-31T17:12:45.525] [WARN] warn - ruta '/api' metodo 'GET' no implementado
[2022-10-31T17:12:45.526] [WARN] warn - ruta '/api' metodo 'GET' no implementado
[2022-10-31T17:12:45.527] [WARN] warn - ruta '/api' metodo 'GET' no implementado
[2022-10-31T17:12:45.528] [WARN] warn - ruta '/api' metodo 'GET' no implementado
[2022-10-31T17:12:45.529] [WARN] warn - ruta '/api' metodo 'GET' no implementado
[2022-10-31T17:12:45.531] [WARN] warn - ruta '/api' metodo 'GET' no implementado
[2022-10-31T17:12:45.533] [WARN] warn - ruta '/api' metodo 'GET' no implementado
[2022-10-31T17:12:45.535] [WARN] warn - ruta '/api' metodo 'GET' no implementado
[2022-10-31T17:12:45.536] [WARN] warn - ruta '/api' metodo 'GET' no implementado
[2022-10-31T17:12:45.536] [WARN] warn - ruta '/api' metodo 'GET' no implementado
[2022-10-31T17:12:45.537] [WARN] warn - ruta '/api' metodo 'GET' no implementado
[2022-10-31T17:12:45.538] [WARN] warn - ruta '/api' metodo 'GET' no implementado
[2022-10-31T17:12:45.539] [WARN] warn - ruta '/api' metodo 'GET' no implementado
[2022-10-31T17:12:45.539] [WARN] warn - ruta '/api' metodo 'GET' no implementado
[2022-10-31T17:12:45.540] [WARN] warn - ruta '/api' metodo 'GET' no implementado
[2022-10-31T17:12:45.541] [WARN] warn - ruta '/api' metodo 'GET' no implementado
[2022-10-31T17:12:45.541] [WARN] warn - ruta '/api' metodo 'GET' no implementado
[2022-10-31T17:12:45.542] [WARN] warn - ruta '/api' metodo 'GET' no implementado
[2022-10-31T17:12:45.543] [WARN] warn - ruta '/api' metodo 'GET' no implementado
[2022-10-31T17:12:45.544] [WARN] warn - ruta '/api' metodo 'GET' no implementado
[2022-10-31T17:12:45.546] [WARN] warn - ruta '/api' metodo 'GET' no implementado
[2022-10-31T17:12:45.546] [WARN] warn - ruta '/api' metodo 'GET' no implementado
[2022-10-31T17:12:45.547] [WARN] warn - ruta '/api' metodo 'GET' no implementado
[2022-10-31T17:12:45.548] [WARN] warn - ruta '/api' metodo 'GET' no implementado
[2022-10-31T17:12:45.548] [WARN] warn - ruta '/api' metodo 'GET' no implementado
[2022-10-31T17:12:45.552] [WARN] warn - ruta '/api' metodo 'GET' no implementado
[2022-10-31T17:12:45.553] [WARN] warn - ruta '/api' metodo 'GET' no implementado
[2022-10-31T17:12:45.553] [WARN] warn - ruta '/api' metodo 'GET' no implementado
[2022-10-31T17:12:45.554] [WARN] warn - ruta '/api' metodo 'GET' no implementado
[2022-10-31T17:12:45.555] [WARN] warn - ruta '/api' metodo 'GET' no implementado
[2022-10-31T17:12:45.555] [WARN] warn - ruta '/api' metodo 'GET' no implementado
[2022-10-31T17:12:45.556] [WARN] warn - ruta '/api' metodo 'GET' no implementado
[2022-10-31T17:12:45.558] [WARN] warn - ruta '/api' metodo 'GET' no implementado
[2022-10-31T17:12:45.559] [WARN] warn - ruta '/api' metodo 'GET' no implementado
[2022-10-31T17:12:45.560] [WARN] warn - ruta '/api' metodo 'GET' no implementado
[2022-10-31T17:12:45.561] [WARN] warn - ruta '/api' metodo 'GET' no implementado
[2022-10-31T17:12:45.562] [WARN] warn - ruta '/api' metodo 'GET' no implementado
[2022-10-31T17:12:45.563] [WARN] warn - ruta '/api' metodo 'GET' no implementado
[2022-10-31T17:12:45.565] [WARN] warn - ruta '/api' metodo 'GET' no implementado
[2022-10-31T17:12:45.566] [WARN] warn - ruta '/api' metodo 'GET' no implementado
[2022-10-31T17:12:45.567] [WARN] warn - ruta '/api' metodo 'GET' no implementado
[2022-10-31T17:12:45.568] [WARN] warn - ruta '/api' metodo 'GET' no implementado
[2022-10-31T17:12:45.569] [WARN] warn - ruta '/api' metodo 'GET' no implementado
[2022-10-31T17:12:45.570] [WARN] warn - ruta '/api' metodo 'GET' no implementado
[2022-10-31T17:12:45.572] [WARN] warn - ruta '/api' metodo 'GET' no implementado
[2022-10-31T17:12:45.573] [WARN] warn - ruta '/api' metodo 'GET' no implementado
[2022-10-31T17:12:45.575] [WARN] warn - ruta '/api' metodo 'GET' no implementado
[2022-10-31T17:12:45.576] [WARN] warn - ruta '/api' metodo 'GET' no implementado
[2022-10-31T17:12:45.577] [WARN] warn - ruta '/api' metodo 'GET' no implementado
[2022-10-31T17:12:45.578] [WARN] warn - ruta '/api' metodo 'GET' no implementado
[2022-10-31T17:12:45.579] [WARN] warn - ruta '/api' metodo 'GET' no implementado
[2022-10-31T17:12:45.580] [WARN] warn - ruta '/api' metodo 'GET' no implementado
[2022-10-31T17:12:45.581] [WARN] warn - ruta '/api' metodo 'GET' no implementado
[2022-10-31T17:12:45.584] [WARN] warn - ruta '/api' metodo 'GET' no implementado
[2022-10-31T17:12:45.586] [WARN] warn - ruta '/api' metodo 'GET' no implementado
[2022-10-31T17:12:45.587] [WARN] warn - ruta '/api' metodo 'GET' no implementado
[2022-10-31T17:12:45.588] [WARN] warn - ruta '/api' metodo 'GET' no implementado
[2022-10-31T17:12:45.589] [WARN] warn - ruta '/api' metodo 'GET' no implementado
[2022-10-31T17:12:45.592] [WARN] warn - ruta '/api' metodo 'GET' no implementado
[2022-10-31T17:12:45.593] [WARN] warn - ruta '/api' metodo 'GET' no implementado
[2022-10-31T17:12:45.594] [WARN] warn - ruta '/api' metodo 'GET' no implementado
[2022-10-31T17:12:45.595] [WARN] warn - ruta '/api' metodo 'GET' no implementado
[2022-10-31T17:12:45.596] [WARN] warn - ruta '/api' metodo 'GET' no implementado
[2022-10-31T17:12:45.597] [WARN] warn - ruta '/api' metodo 'GET' no implementado
[2022-10-31T17:12:45.598] [WARN] warn - ruta '/api' metodo 'GET' no implementado
[2022-10-31T17:12:45.599] [WARN] warn - ruta '/api' metodo 'GET' no implementado
[2022-10-31T17:12:45.600] [WARN] warn - ruta '/api' metodo 'GET' no implementado
[2022-10-31T17:12:45.601] [WARN] warn - ruta '/api' metodo 'GET' no implementado
[2022-10-31T17:12:45.602] [WARN] warn - ruta '/api' metodo 'GET' no implementado
[2022-10-31T17:12:45.603] [WARN] warn - ruta '/api' metodo 'GET' no implementado
[2022-10-31T17:12:45.603] [WARN] warn - ruta '/api' metodo 'GET' no implementado
[2022-10-31T17:12:45.604] [WARN] warn - ruta '/api' metodo 'GET' no implementado
[2022-10-31T17:12:45.606] [WARN] warn - ruta '/api' metodo 'GET' no implementado
[2022-10-31T17:12:45.607] [WARN] warn - ruta '/api' metodo 'GET' no implementado
[2022-10-31T17:12:45.608] [WARN] warn - ruta '/api' metodo 'GET' no implementado
[2022-10-31T17:12:45.609] [WARN] warn - ruta '/api' metodo 'GET' no implementado
[2022-10-31T17:12:45.610] [WARN] warn - ruta '/api' metodo 'GET' no implementado
[2022-10-31T17:12:45.611] [WARN] warn - ruta '/api' metodo 'GET' no implementado
[2022-10-31T17:12:45.611] [WARN] warn - ruta '/api' metodo 'GET' no implementado
[2022-10-31T17:12:45.612] [WARN] warn - ruta '/api' metodo 'GET' no implementado
[2022-10-31T17:12:45.613] [WARN] warn - ruta '/api' metodo 'GET' no implementado
[2022-10-31T17:12:45.613] [WARN] warn - ruta '/api' metodo 'GET' no implementado
[2022-10-31T17:12:45.616] [WARN] warn - ruta '/api' metodo 'GET' no implementado
[2022-10-31T17:12:45.617] [WARN] warn - ruta '/api' metodo 'GET' no implementado
[2022-10-31T17:12:45.617] [WARN] warn - ruta '/api' metodo 'GET' no implementado
[2022-10-31T17:12:45.618] [WARN] warn - ruta '/api' metodo 'GET' no implementado
[2022-10-31T17:12:45.619] [WARN] warn - ruta '/api' metodo 'GET' no implementado
[2022-10-31T17:12:45.620] [WARN] warn - ruta '/api' metodo 'GET' no implementado
[2022-10-31T17:12:45.620] [WARN] warn - ruta '/api' metodo 'GET' no implementado
[2022-10-31T17:12:45.621] [WARN] warn - ruta '/api' metodo 'GET' no implementado
[2022-10-31T17:12:45.623] [WARN] warn - ruta '/api' metodo 'GET' no implementado
[2022-10-31T17:12:45.624] [WARN] warn - ruta '/api' metodo 'GET' no implementado
[2022-10-31T17:12:45.625] [WARN] warn - ruta '/api' metodo 'GET' no implementado
[2022-10-31T17:12:45.626] [WARN] warn - ruta '/api' metodo 'GET' no implementado
[2022-10-31T17:12:45.628] [WARN] warn - ruta '/api' metodo 'GET' no implementado
[2022-10-31T17:12:45.629] [WARN] warn - ruta '/api' metodo 'GET' no implementado
[2022-10-31T17:12:45.630] [WARN] warn - ruta '/api' metodo 'GET' no implementado
[2022-10-31T17:12:45.631] [WARN] warn - ruta '/api' metodo 'GET' no implementado
[2022-10-31T17:12:45.633] [WARN] warn - ruta '/api' metodo 'GET' no implementado
[2022-10-31T17:12:45.634] [WARN] warn - ruta '/api' metodo 'GET' no implementado
[2022-10-31T17:12:45.635] [WARN] warn - ruta '/api' metodo 'GET' no implementado
[2022-10-31T17:12:45.636] [WARN] warn - ruta '/api' metodo 'GET' no implementado
[2022-10-31T17:12:45.638] [WARN] warn - ruta '/api' metodo 'GET' no implementado
[2022-10-31T17:12:45.639] [WARN] warn - ruta '/api' metodo 'GET' no implementado
[2022-10-31T17:12:45.640] [WARN] warn - ruta '/api' metodo 'GET' no implementado
[2022-10-31T17:12:45.642] [WARN] warn - ruta '/api' metodo 'GET' no implementado
[2022-10-31T17:12:45.643] [WARN] warn - ruta '/api' metodo 'GET' no implementado
[2022-10-31T17:12:45.644] [WARN] warn - ruta '/api' metodo 'GET' no implementado
[2022-10-31T17:12:45.645] [WARN] warn - ruta '/api' metodo 'GET' no implementado
[2022-10-31T17:12:45.646] [WARN] warn - ruta '/api' metodo 'GET' no implementado
[2022-10-31T17:12:45.647] [WARN] warn - ruta '/api' metodo 'GET' no implementado
[2022-10-31T17:12:45.648] [WARN] warn - ruta '/api' metodo 'GET' no implementado
[2022-10-31T17:12:45.650] [WARN] warn - ruta '/api' metodo 'GET' no implementado
[2022-10-31T17:12:45.652] [WARN] warn - ruta '/api' metodo 'GET' no implementado
[2022-10-31T17:12:45.653] [WARN] warn - ruta '/api' metodo 'GET' no implementado
[2022-10-31T17:12:45.654] [WARN] warn - ruta '/api' metodo 'GET' no implementado
[2022-10-31T17:12:45.655] [WARN] warn - ruta '/api' metodo 'GET' no implementado
[2022-10-31T17:12:45.657] [WARN] warn - ruta '/api' metodo 'GET' no implementado
[2022-10-31T17:12:45.658] [WARN] warn - ruta '/api' metodo 'GET' no implementado
[2022-10-31T17:12:45.659] [WARN] warn - ruta '/api' metodo 'GET' no implementado
[2022-10-31T17:12:45.660] [WARN] warn - ruta '/api' metodo 'GET' no implementado
[2022-10-31T17:12:45.662] [WARN] warn - ruta '/api' metodo 'GET' no implementado
